
> @zena/frontend@1.0.0 build
> tsc && vite build

src/components/ActionApprovalQueue/ActionApprovalQueue.tsx(11,53): error TS6133: 'XCircle' is declared but its value is never read.
src/components/ActionApprovalQueue/index.ts(2,16): error TS2304: Cannot find name 'ActionApprovalQueue'.
src/components/AddPropertyModal/AddPropertyModal.tsx(8,5): error TS6133: 'BedDouble' is declared but its value is never read.
src/components/AddPropertyModal/AddPropertyModal.tsx(9,5): error TS6133: 'Bath' is declared but its value is never read.
src/components/AddPropertyModal/AddPropertyModal.tsx(13,5): error TS6133: 'FileText' is declared but its value is never read.
src/components/AISummaryDropdown/AISummaryDropdown.aria-announcements.property.test.tsx(15,18): error TS6133: 'screen' is declared but its value is never read.
src/components/AISummaryDropdown/AISummaryDropdown.aria-announcements.property.test.tsx(15,26): error TS6133: 'fireEvent' is declared but its value is never read.
src/components/AISummaryDropdown/AISummaryDropdown.aria-announcements.property.test.tsx(15,46): error TS6133: 'waitFor' is declared but its value is never read.
src/components/AISummaryDropdown/AISummaryDropdown.aria-announcements.property.test.tsx(18,1): error TS6133: 'Thread' is declared but its value is never read.
src/components/AISummaryDropdown/AISummaryDropdown.aria-announcements.property.test.tsx(86,7): error TS6133: 'checkScreenReaderAnnouncements' is declared but its value is never read.
src/components/AISummaryDropdown/AISummaryDropdown.aria-announcements.property.test.tsx(104,15): error TS2739: Type '{ id: string; subject: string; summary: string; aiSummary: string | null; participants: { id: string; name: string; email: string; role: string; avatarUrl: string | null; }[]; propertyAddress: string | null; ... 5 more ...; hasAttachments: boolean; }' is missing the following properties from type 'Thread': riskLevel, lastMessageAt, createdAt, messageCount, unreadCount
src/components/AISummaryDropdown/AISummaryDropdown.aria-announcements.property.test.tsx(168,15): error TS2739: Type '{ id: string; subject: string; summary: string; aiSummary: string | null; participants: { id: string; name: string; email: string; role: string; avatarUrl: string | null; }[]; propertyAddress: string | null; ... 5 more ...; hasAttachments: boolean; }' is missing the following properties from type 'Thread': riskLevel, lastMessageAt, createdAt, messageCount, unreadCount
src/components/AISummaryDropdown/AISummaryDropdown.aria-announcements.property.test.tsx(180,15): error TS2739: Type '{ id: string; subject: string; summary: string; aiSummary: string | null; participants: { id: string; name: string; email: string; role: string; avatarUrl: string | null; }[]; propertyAddress: string | null; ... 5 more ...; hasAttachments: boolean; }' is missing the following properties from type 'Thread': riskLevel, lastMessageAt, createdAt, messageCount, unreadCount
src/components/AISummaryDropdown/AISummaryDropdown.aria-announcements.property.test.tsx(202,15): error TS2739: Type '{ id: string; subject: string; summary: string; aiSummary: string | null; participants: { id: string; name: string; email: string; role: string; avatarUrl: string | null; }[]; propertyAddress: string | null; ... 5 more ...; hasAttachments: boolean; }' is missing the following properties from type 'Thread': riskLevel, lastMessageAt, createdAt, messageCount, unreadCount
src/components/AISummaryDropdown/AISummaryDropdown.aria-announcements.property.test.tsx(231,15): error TS2739: Type '{ id: string; subject: string; summary: string; aiSummary: string | null; participants: { id: string; name: string; email: string; role: string; avatarUrl: string | null; }[]; propertyAddress: string | null; ... 5 more ...; hasAttachments: boolean; }' is missing the following properties from type 'Thread': riskLevel, lastMessageAt, createdAt, messageCount, unreadCount
src/components/AISummaryDropdown/AISummaryDropdown.aria-announcements.property.test.tsx(298,15): error TS2739: Type '{ id: string; subject: string; summary: string; aiSummary: string | null; participants: { id: string; name: string; email: string; role: string; avatarUrl: string | null; }[]; propertyAddress: string | null; ... 5 more ...; hasAttachments: boolean; }' is missing the following properties from type 'Thread': riskLevel, lastMessageAt, createdAt, messageCount, unreadCount
src/components/AISummaryDropdown/AISummaryDropdown.aria-announcements.property.test.tsx(359,15): error TS2739: Type '{ id: string; subject: string; summary: string; aiSummary: string | null; participants: { id: string; name: string; email: string; role: string; avatarUrl: string | null; }[]; propertyAddress: string | null; ... 5 more ...; hasAttachments: boolean; }' is missing the following properties from type 'Thread': riskLevel, lastMessageAt, createdAt, messageCount, unreadCount
src/components/AISummaryDropdown/AISummaryDropdown.aria-announcements.property.test.tsx(407,15): error TS2739: Type '{ id: string; subject: string; summary: string; aiSummary: string | null; participants: { id: string; name: string; email: string; role: string; avatarUrl: string | null; }[]; propertyAddress: string | null; ... 5 more ...; hasAttachments: boolean; }' is missing the following properties from type 'Thread': riskLevel, lastMessageAt, createdAt, messageCount, unreadCount
src/components/AISummaryDropdown/AISummaryDropdown.fallback-content.property.test.tsx(15,1): error TS6133: 'React' is declared but its value is never read.
src/components/AISummaryDropdown/AISummaryDropdown.fallback-content.property.test.tsx(20,18): error TS6133: 'Participant' is declared but its value is never read.
src/components/AISummaryDropdown/AISummaryDropdown.fallback-content.property.test.tsx(91,17): error TS2739: Type '{ aiSummary: undefined; id: string; subject: string; summary: string; participants: { id: string; name: string; email: string; role: string; avatarUrl: string | undefined; }[]; lastMessageAt: Date; ... 4 more ...; propertyId: string | undefined; }' is missing the following properties from type 'Thread': riskLevel, createdAt, messageCount, unreadCount
src/components/AISummaryDropdown/AISummaryDropdown.fallback-content.property.test.tsx(147,17): error TS2739: Type '{ aiSummary: string | undefined; id: string; subject: string; summary: string; participants: { id: string; name: string; email: string; role: string; avatarUrl: string | undefined; }[]; lastMessageAt: Date; ... 4 more ...; propertyId: string | undefined; }' is missing the following properties from type 'Thread': riskLevel, createdAt, messageCount, unreadCount
src/components/AISummaryDropdown/AISummaryDropdown.fallback-content.property.test.tsx(196,17): error TS2739: Type '{ aiSummary: undefined; id: string; subject: string; summary: string; participants: { id: string; name: string; email: string; role: string; avatarUrl: string | undefined; }[]; lastMessageAt: Date; ... 4 more ...; propertyId: string | undefined; }' is missing the following properties from type 'Thread': riskLevel, createdAt, messageCount, unreadCount
src/components/AISummaryDropdown/AISummaryDropdown.fallback-content.property.test.tsx(201,30): error TS6133: 'getAllByRole' is declared but its value is never read.
src/components/AISummaryDropdown/AISummaryDropdown.fallback-content.property.test.tsx(243,17): error TS2739: Type '{ aiSummary: undefined; id: string; subject: string; summary: string; participants: { id: string; name: string; email: string; role: string; avatarUrl: string | undefined; }[]; lastMessageAt: Date; ... 4 more ...; propertyId: string | undefined; }' is missing the following properties from type 'Thread': riskLevel, createdAt, messageCount, unreadCount
src/components/AISummaryDropdown/AISummaryDropdown.fallback-content.property.test.tsx(293,17): error TS2739: Type '{ aiSummary: undefined; id: string; subject: string; summary: string; participants: { id: string; name: string; email: string; role: string; avatarUrl: string | undefined; }[]; lastMessageAt: Date; ... 4 more ...; propertyId: string | undefined; }' is missing the following properties from type 'Thread': riskLevel, createdAt, messageCount, unreadCount
src/components/AISummaryDropdown/AISummaryDropdown.keyboard-navigation.property.test.tsx(15,18): error TS6133: 'screen' is declared but its value is never read.
src/components/AISummaryDropdown/AISummaryDropdown.keyboard-navigation.property.test.tsx(18,1): error TS6133: 'Thread' is declared but its value is never read.
src/components/AISummaryDropdown/AISummaryDropdown.keyboard-navigation.property.test.tsx(131,15): error TS2739: Type '{ id: string; subject: string; summary: string; aiSummary: string | null; participants: { id: string; name: string; email: string; role: string; avatarUrl: string | null; }[]; propertyAddress: string | null; ... 5 more ...; hasAttachments: boolean; }' is missing the following properties from type 'Thread': riskLevel, lastMessageAt, createdAt, messageCount, unreadCount
src/components/AISummaryDropdown/AISummaryDropdown.keyboard-navigation.property.test.tsx(197,15): error TS2739: Type '{ id: string; subject: string; summary: string; aiSummary: string | null; participants: { id: string; name: string; email: string; role: string; avatarUrl: string | null; }[]; propertyAddress: string | null; ... 5 more ...; hasAttachments: boolean; }' is missing the following properties from type 'Thread': riskLevel, lastMessageAt, createdAt, messageCount, unreadCount
src/components/AISummaryDropdown/AISummaryDropdown.keyboard-navigation.property.test.tsx(242,15): error TS2739: Type '{ id: string; subject: string; summary: string; aiSummary: string | null; participants: { id: string; name: string; email: string; role: string; avatarUrl: string | null; }[]; propertyAddress: string | null; ... 5 more ...; hasAttachments: boolean; }' is missing the following properties from type 'Thread': riskLevel, lastMessageAt, createdAt, messageCount, unreadCount
src/components/AISummaryDropdown/AISummaryDropdown.keyboard-navigation.property.test.tsx(284,15): error TS2739: Type '{ id: string; subject: string; summary: string; aiSummary: string | null; participants: { id: string; name: string; email: string; role: string; avatarUrl: string | null; }[]; propertyAddress: string | null; ... 5 more ...; hasAttachments: boolean; }' is missing the following properties from type 'Thread': riskLevel, lastMessageAt, createdAt, messageCount, unreadCount
src/components/AISummaryDropdown/AISummaryDropdown.keyboard-navigation.property.test.tsx(338,15): error TS2739: Type '{ id: string; subject: string; summary: string; aiSummary: string | null; participants: { id: string; name: string; email: string; role: string; avatarUrl: string | null; }[]; propertyAddress: string | null; ... 5 more ...; hasAttachments: boolean; }' is missing the following properties from type 'Thread': riskLevel, lastMessageAt, createdAt, messageCount, unreadCount
src/components/AISummaryDropdown/AISummaryDropdown.reduced-motion.property.test.tsx(15,18): error TS6133: 'screen' is declared but its value is never read.
src/components/AISummaryDropdown/AISummaryDropdown.reduced-motion.property.test.tsx(18,1): error TS6133: 'Thread' is declared but its value is never read.
src/components/AISummaryDropdown/AISummaryDropdown.reduced-motion.property.test.tsx(126,37): error TS6133: 'defaultDuration' is declared but its value is never read.
src/components/AISummaryDropdown/AISummaryDropdown.reduced-motion.property.test.tsx(127,36): error TS6133: 'defaultDuration' is declared but its value is never read.
src/components/AISummaryDropdown/AISummaryDropdown.reduced-motion.property.test.tsx(135,15): error TS2739: Type '{ id: string; subject: string; summary: string; aiSummary: string | null; participants: { id: string; name: string; email: string; role: string; avatarUrl: string | null; }[]; propertyAddress: string | null; ... 5 more ...; hasAttachments: boolean; }' is missing the following properties from type 'Thread': riskLevel, lastMessageAt, createdAt, messageCount, unreadCount
src/components/AISummaryDropdown/AISummaryDropdown.reduced-motion.property.test.tsx(186,15): error TS2739: Type '{ id: string; subject: string; summary: string; aiSummary: string | null; participants: { id: string; name: string; email: string; role: string; avatarUrl: string | null; }[]; propertyAddress: string | null; ... 5 more ...; hasAttachments: boolean; }' is missing the following properties from type 'Thread': riskLevel, lastMessageAt, createdAt, messageCount, unreadCount
src/components/AISummaryDropdown/AISummaryDropdown.reduced-motion.property.test.tsx(219,37): error TS6133: 'defaultDuration' is declared but its value is never read.
src/components/AISummaryDropdown/AISummaryDropdown.reduced-motion.property.test.tsx(220,36): error TS6133: 'defaultDuration' is declared but its value is never read.
src/components/AISummaryDropdown/AISummaryDropdown.reduced-motion.property.test.tsx(228,15): error TS2739: Type '{ id: string; subject: string; summary: string; aiSummary: string | null; participants: { id: string; name: string; email: string; role: string; avatarUrl: string | null; }[]; propertyAddress: string | null; ... 5 more ...; hasAttachments: boolean; }' is missing the following properties from type 'Thread': riskLevel, lastMessageAt, createdAt, messageCount, unreadCount
src/components/AISummaryDropdown/AISummaryDropdown.reduced-motion.property.test.tsx(277,37): error TS6133: 'defaultDuration' is declared but its value is never read.
src/components/AISummaryDropdown/AISummaryDropdown.reduced-motion.property.test.tsx(278,36): error TS6133: 'defaultDuration' is declared but its value is never read.
src/components/AISummaryDropdown/AISummaryDropdown.reduced-motion.property.test.tsx(288,15): error TS2739: Type '{ id: string; subject: string; summary: string; aiSummary: string | null; participants: { id: string; name: string; email: string; role: string; avatarUrl: string | null; }[]; propertyAddress: string | null; ... 5 more ...; hasAttachments: boolean; }' is missing the following properties from type 'Thread': riskLevel, lastMessageAt, createdAt, messageCount, unreadCount
src/components/AISummaryDropdown/AISummaryDropdown.reduced-motion.property.test.tsx(331,37): error TS6133: 'defaultDuration' is declared but its value is never read.
src/components/AISummaryDropdown/AISummaryDropdown.reduced-motion.property.test.tsx(332,36): error TS6133: 'defaultDuration' is declared but its value is never read.
src/components/AISummaryDropdown/AISummaryDropdown.reduced-motion.property.test.tsx(340,15): error TS2739: Type '{ id: string; subject: string; summary: string; aiSummary: string | null; participants: { id: string; name: string; email: string; role: string; avatarUrl: string | null; }[]; propertyAddress: string | null; ... 5 more ...; hasAttachments: boolean; }' is missing the following properties from type 'Thread': riskLevel, lastMessageAt, createdAt, messageCount, unreadCount
src/components/AISummaryDropdown/AISummaryDropdown.reduced-motion.property.test.tsx(395,15): error TS2739: Type '{ id: string; subject: string; summary: string; aiSummary: string | null; participants: { id: string; name: string; email: string; role: string; avatarUrl: string | null; }[]; propertyAddress: string | null; ... 5 more ...; hasAttachments: boolean; }' is missing the following properties from type 'Thread': riskLevel, lastMessageAt, createdAt, messageCount, unreadCount
src/components/AISummaryDropdown/AISummaryDropdown.tsx(1,17): error TS6133: 'useRef' is declared but its value is never read.
src/components/AISummaryDropdown/AISummaryDropdown.tsx(115,9): error TS2322: Type '{ id: string; type: string; label: string; description: string; priority: number; icon: string; }[]' is not assignable to type 'RecommendedAction[]'.
  Type '{ id: string; type: string; label: string; description: string; priority: number; icon: string; }' is not assignable to type 'RecommendedAction'.
    Types of property 'type' are incompatible.
      Type 'string' is not assignable to type '"schedule_followup" | "quick_reply" | "mark_priority"'.
src/components/AISummaryDropdown/AISummaryDropdown.tsx(250,29): error TS6133: 'isPerformanceAcceptable' is declared but its value is never read.
src/components/AISummaryDropdown/AISummaryDropdown.tsx(348,7): error TS2322: Type 'MutableRefObject<HTMLElement | null>' is not assignable to type 'LegacyRef<HTMLDivElement> | undefined'.
  Type 'MutableRefObject<HTMLElement | null>' is not assignable to type 'RefObject<HTMLDivElement>'.
    Types of property 'current' are incompatible.
      Type 'HTMLElement | null' is not assignable to type 'HTMLDivElement | null'.
        Property 'align' is missing in type 'HTMLElement' but required in type 'HTMLDivElement'.
src/components/AISummaryDropdown/AISummaryDropdown.tsx(471,50): error TS6133: 'index' is declared but its value is never read.
src/components/AISummaryDropdown/AISummaryDropdown.tsx(518,57): error TS6133: 'index' is declared but its value is never read.
src/components/AnimatedEmptyState/AnimatedEmptyState.property.test.tsx(13,24): error TS6133: 'expect' is declared but its value is never read.
src/components/AttachmentChip/AttachmentChip.property.test.tsx(3,26): error TS6133: 'AttachmentChipProps' is declared but its value is never read.
src/components/AttachmentChip/AttachmentChip.property.test.tsx(24,31): error TS6133: 'formattedSize' is declared but its value is never read.
src/components/BatchActionBar/BatchActionBar.tsx(50,9): error TS6133: 'handleSnoozeAll' is declared but its value is never read.
src/components/BatchActionBar/BatchActionBar.tsx(54,9): error TS6133: 'handleArchiveAll' is declared but its value is never read.
src/components/BatchActionBar/BatchActionBar.tsx(58,9): error TS6133: 'handleMarkRead' is declared but its value is never read.
src/components/CalendarWidget/CalendarWidget.property.test.tsx(4,1): error TS6133: 'React' is declared but its value is never read.
src/components/CalendarWidget/CalendarWidget.property.test.tsx(8,26): error TS6133: 'CalendarAppointment' is declared but its value is never read.
src/components/CalendarWidget/CalendarWidget.property.test.tsx(96,15): error TS2322: Type '{ id: string; time: Date; title: string; location: string | null; property: { id: string; address: string; type: string | null; } | null; type: string; urgency: string | null; conflictsWith: string[] | null; }[]' is not assignable to type 'CalendarAppointment[]'.
  Type '{ id: string; time: Date; title: string; location: string | null; property: { id: string; address: string; type: string | null; } | null; type: string; urgency: string | null; conflictsWith: string[] | null; }' is not assignable to type 'CalendarAppointment'.
    Types of property 'location' are incompatible.
      Type 'string | null' is not assignable to type 'string | undefined'.
        Type 'null' is not assignable to type 'string | undefined'.
src/components/CalendarWidget/CalendarWidget.property.test.tsx(154,15): error TS2322: Type '{ id: string; time: Date; title: string; location: string | null; property: { id: string; address: string; type: string | null; } | null; type: string; urgency: string | null; conflictsWith: string[] | null; }[]' is not assignable to type 'CalendarAppointment[]'.
  Type '{ id: string; time: Date; title: string; location: string | null; property: { id: string; address: string; type: string | null; } | null; type: string; urgency: string | null; conflictsWith: string[] | null; }' is not assignable to type 'CalendarAppointment'.
    Types of property 'location' are incompatible.
      Type 'string | null' is not assignable to type 'string | undefined'.
        Type 'null' is not assignable to type 'string | undefined'.
src/components/CalendarWidget/CalendarWidget.property.test.tsx(201,15): error TS2322: Type '{ id: string; time: Date; title: string; location: string | null; property: { id: string; address: string; type: string | null; } | null; type: string; urgency: string | null; conflictsWith: string[] | null; }[]' is not assignable to type 'CalendarAppointment[]'.
  Type '{ id: string; time: Date; title: string; location: string | null; property: { id: string; address: string; type: string | null; } | null; type: string; urgency: string | null; conflictsWith: string[] | null; }' is not assignable to type 'CalendarAppointment'.
    Types of property 'location' are incompatible.
      Type 'string | null' is not assignable to type 'string | undefined'.
        Type 'null' is not assignable to type 'string | undefined'.
src/components/CalendarWidget/CalendarWidget.property.test.tsx(244,15): error TS2322: Type '{ id: string; time: Date; title: string; location: string | null; property: { id: string; address: string; type: string | null; } | null; type: string; urgency: string | null; conflictsWith: string[] | null; }[]' is not assignable to type 'CalendarAppointment[]'.
  Type '{ id: string; time: Date; title: string; location: string | null; property: { id: string; address: string; type: string | null; } | null; type: string; urgency: string | null; conflictsWith: string[] | null; }' is not assignable to type 'CalendarAppointment'.
    Types of property 'location' are incompatible.
      Type 'string | null' is not assignable to type 'string | undefined'.
        Type 'null' is not assignable to type 'string | undefined'.
src/components/CalendarWidget/CalendarWidget.property.test.tsx(284,17): error TS2322: Type '{ id: string; time: Date; title: string; location: string | null; property: { id: string; address: string; type: string | null; } | null; type: string; urgency: string | null; conflictsWith: string[] | null; }[]' is not assignable to type 'CalendarAppointment[]'.
  Type '{ id: string; time: Date; title: string; location: string | null; property: { id: string; address: string; type: string | null; } | null; type: string; urgency: string | null; conflictsWith: string[] | null; }' is not assignable to type 'CalendarAppointment'.
    Types of property 'location' are incompatible.
      Type 'string | null' is not assignable to type 'string | undefined'.
        Type 'null' is not assignable to type 'string | undefined'.
src/components/CalendarWidget/CalendarWidget.property.test.tsx(325,15): error TS2322: Type '{ id: string; time: Date; title: string; location: string | null; property: { id: string; address: string; type: string | null; } | null; type: string; urgency: string | null; conflictsWith: string[] | null; }[]' is not assignable to type 'CalendarAppointment[]'.
  Type '{ id: string; time: Date; title: string; location: string | null; property: { id: string; address: string; type: string | null; } | null; type: string; urgency: string | null; conflictsWith: string[] | null; }' is not assignable to type 'CalendarAppointment'.
    Types of property 'location' are incompatible.
      Type 'string | null' is not assignable to type 'string | undefined'.
        Type 'null' is not assignable to type 'string | undefined'.
src/components/CalendarWidget/CalendarWidget.property.test.tsx(392,17): error TS2322: Type '{ id: string; time: Date; title: string; type: string; }[]' is not assignable to type 'CalendarAppointment[]'.
  Type '{ id: string; time: Date; title: string; type: string; }' is not assignable to type 'CalendarAppointment'.
    Types of property 'type' are incompatible.
      Type 'string' is not assignable to type '"viewing" | "meeting" | "call" | "other"'.
src/components/DashboardHeader/DashboardHeader.test.tsx(9,10): error TS2300: Duplicate identifier 'vi'.
src/components/DashboardHeader/DashboardHeader.test.tsx(10,10): error TS2300: Duplicate identifier 'vi'.
src/components/DashboardHeader/DashboardHeader.test.tsx(23,30): error TS2741: Property 'isHighTech' is missing in type '{ theme: "day"; effectiveTheme: "day"; setTheme: Mock<Procedure>; toggleTheme: Mock<Procedure>; }' but required in type 'ThemeContextType'.
src/components/DashboardHeader/DashboardHeader.tsx(171,13): error TS2322: Type 'Theme' is not assignable to type '"day" | "night"'.
  Type '"auto"' is not assignable to type '"day" | "night"'.
src/components/DataVisualization/DataVisualization.property.test.ts(98,58): error TS2345: Argument of type '{ label: string; value: number; color: string | null; metadata: {} | null; }[]' is not assignable to parameter of type 'ChartDataPoint[]'.
  Type '{ label: string; value: number; color: string | null; metadata: {} | null; }' is not assignable to type 'ChartDataPoint'.
    Types of property 'color' are incompatible.
      Type 'string | null' is not assignable to type 'string | undefined'.
        Type 'null' is not assignable to type 'string | undefined'.
src/components/DataVisualization/DataVisualization.property.test.ts(110,58): error TS2345: Argument of type '{ label: string; value: number; color: string | null; metadata: { stage: string; conversionRate: number; } | null; }[]' is not assignable to parameter of type 'ChartDataPoint[]'.
  Type '{ label: string; value: number; color: string | null; metadata: { stage: string; conversionRate: number; } | null; }' is not assignable to type 'ChartDataPoint'.
    Types of property 'color' are incompatible.
      Type 'string | null' is not assignable to type 'string | undefined'.
        Type 'null' is not assignable to type 'string | undefined'.
src/components/DataVisualization/DataVisualization.property.test.ts(122,58): error TS2345: Argument of type '{ label: string; value: number; color: string | null; metadata: { target: number; } | null; }[]' is not assignable to parameter of type 'ChartDataPoint[]'.
  Type '{ label: string; value: number; color: string | null; metadata: { target: number; } | null; }' is not assignable to type 'ChartDataPoint'.
    Types of property 'color' are incompatible.
      Type 'string | null' is not assignable to type 'string | undefined'.
        Type 'null' is not assignable to type 'string | undefined'.
src/components/DataVisualization/DataVisualization.property.test.ts(134,58): error TS2345: Argument of type '{ label: string; value: number; color: string | null; metadata: {} | null; }[]' is not assignable to parameter of type 'ChartDataPoint[]'.
  Type '{ label: string; value: number; color: string | null; metadata: {} | null; }' is not assignable to type 'ChartDataPoint'.
    Types of property 'color' are incompatible.
      Type 'string | null' is not assignable to type 'string | undefined'.
        Type 'null' is not assignable to type 'string | undefined'.
src/components/DataVisualization/DataVisualization.property.test.ts(155,60): error TS2345: Argument of type '{ label: string; value: number; color: string | null; metadata: { target: number | null; performanceLevel: string | null; status: string | null; stage: string | null; conversionRate: number | null; } | null; }[]' is not assignable to parameter of type 'ChartDataPoint[]'.
  Type '{ label: string; value: number; color: string | null; metadata: { target: number | null; performanceLevel: string | null; status: string | null; stage: string | null; conversionRate: number | null; } | null; }' is not assignable to type 'ChartDataPoint'.
    Types of property 'color' are incompatible.
      Type 'string | null' is not assignable to type 'string | undefined'.
        Type 'null' is not assignable to type 'string | undefined'.
src/components/DataVisualization/DataVisualization.property.test.ts(188,60): error TS2345: Argument of type '{ label: string; value: number; color: string | null; metadata: { target: number | null; performanceLevel: string | null; status: string | null; stage: string | null; conversionRate: number | null; } | null; }[]' is not assignable to parameter of type 'ChartDataPoint[]'.
  Type '{ label: string; value: number; color: string | null; metadata: { target: number | null; performanceLevel: string | null; status: string | null; stage: string | null; conversionRate: number | null; } | null; }' is not assignable to type 'ChartDataPoint'.
    Types of property 'color' are incompatible.
      Type 'string | null' is not assignable to type 'string | undefined'.
        Type 'null' is not assignable to type 'string | undefined'.
src/components/DataVisualization/DataVisualization.property.test.ts(256,61): error TS2345: Argument of type '{ label: string; value: number; color: string | null; metadata: { target: number | null; performanceLevel: string | null; status: string | null; stage: string | null; conversionRate: number | null; } | null; }[]' is not assignable to parameter of type 'ChartDataPoint[]'.
  Type '{ label: string; value: number; color: string | null; metadata: { target: number | null; performanceLevel: string | null; status: string | null; stage: string | null; conversionRate: number | null; } | null; }' is not assignable to type 'ChartDataPoint'.
    Types of property 'color' are incompatible.
      Type 'string | null' is not assignable to type 'string | undefined'.
        Type 'null' is not assignable to type 'string | undefined'.
src/components/DataVisualization/DataVisualization.property.test.ts(257,61): error TS2345: Argument of type '{ value: number; label: string; color: string | null; metadata: { target: number | null; performanceLevel: string | null; status: string | null; stage: string | null; conversionRate: number | null; } | null; }[]' is not assignable to parameter of type 'ChartDataPoint[]'.
  Type '{ value: number; label: string; color: string | null; metadata: { target: number | null; performanceLevel: string | null; status: string | null; stage: string | null; conversionRate: number | null; } | null; }' is not assignable to type 'ChartDataPoint'.
    Types of property 'color' are incompatible.
      Type 'string | null' is not assignable to type 'string | undefined'.
        Type 'null' is not assignable to type 'string | undefined'.
src/components/DataVisualization/DataVisualization.property.test.ts(273,60): error TS2345: Argument of type '{ label: string; value: number; color: string | null; metadata: { target: number | null; performanceLevel: string | null; status: string | null; stage: string | null; conversionRate: number | null; } | null; }[]' is not assignable to parameter of type 'ChartDataPoint[]'.
  Type '{ label: string; value: number; color: string | null; metadata: { target: number | null; performanceLevel: string | null; status: string | null; stage: string | null; conversionRate: number | null; } | null; }' is not assignable to type 'ChartDataPoint'.
    Types of property 'color' are incompatible.
      Type 'string | null' is not assignable to type 'string | undefined'.
        Type 'null' is not assignable to type 'string | undefined'.
src/components/DataVisualization/DataVisualization.property.test.ts(300,60): error TS2345: Argument of type '{ label: string; value: number; color: string | null; metadata: { target: number | null; performanceLevel: string | null; status: string | null; stage: string | null; conversionRate: number | null; } | null; }[]' is not assignable to parameter of type 'ChartDataPoint[]'.
  Type '{ label: string; value: number; color: string | null; metadata: { target: number | null; performanceLevel: string | null; status: string | null; stage: string | null; conversionRate: number | null; } | null; }' is not assignable to type 'ChartDataPoint'.
    Types of property 'color' are incompatible.
      Type 'string | null' is not assignable to type 'string | undefined'.
        Type 'null' is not assignable to type 'string | undefined'.
src/components/DataVisualization/DataVisualization.property.test.ts(389,20): error TS7053: Element implicitly has an 'any' type because expression of type 'string' can't be used to index type '{ default: string[]; success: string[]; warning: string[]; danger: string[]; info: string[]; }'.
  No index signature with a parameter of type 'string' was found on type '{ default: string[]; success: string[]; warning: string[]; danger: string[]; info: string[]; }'.
src/components/DataVisualization/DataVisualization.property.test.ts(389,49): error TS7053: Element implicitly has an 'any' type because expression of type 'string' can't be used to index type '{ default: string[]; success: string[]; warning: string[]; danger: string[]; info: string[]; }'.
  No index signature with a parameter of type 'string' was found on type '{ default: string[]; success: string[]; warning: string[]; danger: string[]; info: string[]; }'.
src/components/DataVisualization/DataVisualization.property.test.ts(396,45): error TS7053: Element implicitly has an 'any' type because expression of type 'string' can't be used to index type '{ default: RegExp; success: RegExp; warning: RegExp; danger: RegExp; info: RegExp; }'.
  No index signature with a parameter of type 'string' was found on type '{ default: RegExp; success: RegExp; warning: RegExp; danger: RegExp; info: RegExp; }'.
src/components/DataVisualization/DataVisualization.property.test.ts(408,10): error TS6133: 'dataPoints' is declared but its value is never read.
src/components/DataVisualization/DataVisualization.property.test.ts(410,17): error TS6133: 'expectedStyleProperties' is declared but its value is never read.
src/components/DataVisualization/DataVisualization.property.test.ts(510,59): error TS2345: Argument of type 'string | null' is not assignable to parameter of type 'string | undefined'.
  Type 'null' is not assignable to type 'string | undefined'.
src/components/DataVisualization/DataVisualization.property.test.ts(543,10): error TS6133: 'dataPoints' is declared but its value is never read.
src/components/DataVisualization/DataVisualization.property.test.ts(545,55): error TS6133: 'height' is declared but its value is never read.
src/components/DataVisualization/DataVisualization.property.test.ts(591,68): error TS2345: Argument of type '{ label: string; value: number; color: string | null; metadata: { target: number | null; performanceLevel: string | null; status: string | null; stage: string | null; conversionRate: number | null; } | null; }[]' is not assignable to parameter of type 'ChartDataPoint[]'.
  Type '{ label: string; value: number; color: string | null; metadata: { target: number | null; performanceLevel: string | null; status: string | null; stage: string | null; conversionRate: number | null; } | null; }' is not assignable to type 'ChartDataPoint'.
    Types of property 'color' are incompatible.
      Type 'string | null' is not assignable to type 'string | undefined'.
        Type 'null' is not assignable to type 'string | undefined'.
src/components/DataVisualization/DataVisualizationDemo.tsx(1,27): error TS6133: 'useEffect' is declared but its value is never read.
src/components/DataVisualization/DataVisualizationDemo.tsx(96,57): error TS6133: 'index' is declared but its value is never read.
src/components/DataVisualization/DealPipelineChart.tsx(76,60): error TS6133: 'index' is declared but its value is never read.
src/components/DataVisualization/ResponseTimeTrendChart.tsx(82,60): error TS6133: 'index' is declared but its value is never read.
src/components/DealFlow/DealDetailPanel/sections/ViewingsScheduleSection.tsx(6,16): error TS6133: 'Viewing' is declared but its value is never read.
src/components/DealFlow/GameSystem/gameStore.ts(1,18): error TS6133: 'SetState' is declared but its value is never read.
src/components/DealFlow/GameSystem/gameStore.ts(1,28): error TS6133: 'GetState' is declared but its value is never read.
src/components/DealFlow/GameSystem/gameStore.ts(2,19): error TS6133: 'StoreApiWithPersist' is declared but its value is never read.
src/components/DealFlow/GameSystem/gameStore.ts(292,13): error TS2322: Type '(state: GameState) => { totalXP: number; level: number; levelTitle: string; dailyStreak: number; lastLoginDate: string | null; weeklyListingStreak: number; lastListingWeek: string | null; badges: Badge[]; completedQuestIds: string[]; }' is not assignable to type '(state: { totalXP: number; level: number; levelTitle: string; xpToNextLevel: number; xpProgress: number; dailyStreak: number; lastLoginDate: null; weeklyListingStreak: number; lastListingWeek: null; ... 19 more ...; resetSession: () => void; }) => DeepPartial<...>'.
  Call signature return types '{ totalXP: number; level: number; levelTitle: string; dailyStreak: number; lastLoginDate: string | null; weeklyListingStreak: number; lastListingWeek: string | null; badges: Badge[]; completedQuestIds: string[]; }' and 'DeepPartial<{ totalXP: number; level: number; levelTitle: string; xpToNextLevel: number; xpProgress: number; dailyStreak: number; lastLoginDate: null; weeklyListingStreak: number; lastListingWeek: null; ... 19 more ...; resetSession: () => void; }>' are incompatible.
    The types of 'lastLoginDate' are incompatible between these types.
      Type 'string | null' is not assignable to type 'null | undefined'.
        Type 'string' is not assignable to type 'null | undefined'.
src/components/DealFlow/GameUI/XPPopup.tsx(3,19): error TS6133: 'GAME_COLORS' is declared but its value is never read.
src/components/DealFlow/GamifiedDealFlow.tsx(168,48): error TS6133: 'e' is declared but its value is never read.
src/components/DealFlow/TerritoryMap/TerritoryMap.tsx(58,59): error TS6133: 'map' is declared but its value is never read.
src/components/DealFlow/types.ts(322,35): error TS6133: 'primaryRisk' is declared but its value is never read.
src/components/DealFlow/utils/ActivityLogger.ts(5,10): error TS2305: Module '"../types"' has no exported member 'DealContact'.
src/components/DealFlow/ZenaIntelligence/ZenaIntelligenceEngine.ts(8,16): error TS6133: 'DealStage' is declared but its value is never read.
src/components/DealFlow/ZenaIntelligence/ZenaIntelligenceEngine.ts(8,27): error TS6133: 'RiskLevel' is declared but its value is never read.
src/components/DealFlow/ZenaMomentumFlow.tsx(11,37): error TS6133: 'NZ_MARKET_DATA' is declared but its value is never read.
src/components/DealFlow/ZenaMomentumFlow.tsx(82,50): error TS2345: Argument of type '{ property: { address: string; id?: string | undefined; }; id: string; userId: string; pipelineType: PipelineType; saleMethod: SaleMethod; stage: DealStage; ... 29 more ...; updatedAt: string; }' is not assignable to parameter of type 'Deal'.
  The types of 'property.id' are incompatible between these types.
    Type 'string | undefined' is not assignable to type 'string'.
      Type 'undefined' is not assignable to type 'string'.
src/components/DealFlow/ZenaMomentumFlow.tsx(290,33): error TS2322: Type '{ property: { address: string; id?: string | undefined; }; id: string; userId: string; pipelineType: PipelineType; saleMethod: SaleMethod; stage: DealStage; ... 29 more ...; updatedAt: string; }' is not assignable to type 'Deal'.
  The types of 'property.id' are incompatible between these types.
    Type 'string | undefined' is not assignable to type 'string'.
      Type 'undefined' is not assignable to type 'string'.
src/components/DealFlow/ZenaMomentumFlow.tsx(292,63): error TS2345: Argument of type '{ property: { address: string; id?: string | undefined; }; id: string; userId: string; pipelineType: PipelineType; saleMethod: SaleMethod; stage: DealStage; ... 29 more ...; updatedAt: string; }' is not assignable to parameter of type 'Deal'.
  The types of 'property.id' are incompatible between these types.
    Type 'string | undefined' is not assignable to type 'string'.
      Type 'undefined' is not assignable to type 'string'.
src/components/DealFlow/ZenaMomentumFlow.tsx(319,48): error TS2554: Expected 1 arguments, but got 0.
src/components/DissolveParticleSystem/DissolveParticleSystem.property.test.ts(21,7): error TS6133: 'INITIAL_PARTICLE_COUNT' is declared but its value is never read.
src/components/DissolveParticleSystem/DissolveParticleSystem.property.test.ts(31,22): error TS6133: 'phase' is declared but its value is never read.
src/components/DissolveParticleSystem/DissolveParticleSystem.tsx(118,11): error TS6133: 'lastAudioPeakRef' is declared but its value is never read.
src/components/DissolveParticleSystem/DissolveParticleSystem.tsx(120,11): error TS6133: 'lastFlareRef' is declared but its value is never read.
src/components/DissolveParticleSystem/DissolveParticleSystem.tsx(128,12): error TS6133: 'showGlitchFlash' is declared but its value is never read.
src/components/DissolveParticleSystem/DissolveParticleSystem.tsx(128,29): error TS6133: 'setShowGlitchFlash' is declared but its value is never read.
src/components/DissolveParticleSystem/DissolveParticleSystem.tsx(129,12): error TS6133: 'showShockwave' is declared but its value is never read.
src/components/DissolveParticleSystem/DissolveParticleSystem.tsx(129,27): error TS6133: 'setShowShockwave' is declared but its value is never read.
src/components/DissolveParticleSystem/DissolveParticleSystem.tsx(132,27): error TS6133: 'setShowCoreFlare' is declared but its value is never read.
src/components/DissolveParticleSystem/DissolveParticleSystem.tsx(133,26): error TS6133: 'setScannerRings' is declared but its value is never read.
src/components/DissolveParticleSystem/DissolveParticleSystem.tsx(134,11): error TS6133: 'scannerRingIdRef' is declared but its value is never read.
src/components/EnhancedHomeDashboard/EnhancedHomeDashboard.e2e.test.tsx(42,1): error TS2739: Type 'MockInstance<Procedure> & { (...args: any[]): any; new (...args: any[]): any; } & {}' is missing the following properties from type '{ new (url: string | URL, protocols?: string | string[] | undefined): WebSocket; prototype: WebSocket; readonly CONNECTING: 0; readonly OPEN: 1; readonly CLOSING: 2; readonly CLOSED: 3; }': CONNECTING, OPEN, CLOSING, CLOSED
src/components/EnhancedHomeDashboard/EnhancedHomeDashboard.e2e.test.tsx(121,60): error TS7006: Parameter 'callback' implicitly has an 'any' type.
src/components/EnhancedHomeDashboard/EnhancedHomeDashboard.e2e.test.tsx(126,66): error TS7006: Parameter 'callback' implicitly has an 'any' type.
src/components/EnhancedHomeDashboard/EnhancedHomeDashboard.e2e.test.tsx(131,55): error TS7006: Parameter 'callback' implicitly has an 'any' type.
src/components/EnhancedHomeDashboard/EnhancedHomeDashboard.e2e.test.tsx(221,66): error TS7006: Parameter 'callback' implicitly has an 'any' type.
src/components/EnhancedHomeDashboard/EnhancedHomeDashboard.e2e.test.tsx(279,11): error TS6133: 'dataUpdateCallback' is declared but its value is never read.
src/components/EnhancedHomeDashboard/EnhancedHomeDashboard.e2e.test.tsx(281,60): error TS7006: Parameter 'callback' implicitly has an 'any' type.
src/components/EnhancedHomeDashboard/EnhancedHomeDashboard.e2e.test.tsx(343,60): error TS7006: Parameter 'callback' implicitly has an 'any' type.
src/components/EnhancedHomeDashboard/EnhancedHomeDashboard.e2e.test.tsx(391,60): error TS7006: Parameter 'callback' implicitly has an 'any' type.
src/components/EnhancedHomeDashboard/EnhancedHomeDashboard.e2e.test.tsx(425,55): error TS7006: Parameter 'callback' implicitly has an 'any' type.
src/components/EnhancedHomeDashboard/EnhancedHomeDashboard.e2e.test.tsx(430,66): error TS7006: Parameter 'callback' implicitly has an 'any' type.
src/components/EnhancedHomeDashboard/EnhancedHomeDashboard.gesture.property.test.ts(5,38): error TS6133: 'waitFor' is declared but its value is never read.
src/components/EnhancedHomeDashboard/EnhancedHomeDashboard.gesture.property.test.ts(155,50): error TS2769: No overload matches this call.
  The last overload gave the following error.
    Argument of type '{}' is not assignable to parameter of type 'Attributes & ThemeProviderProps'.
      Property 'children' is missing in type '{}' but required in type 'ThemeProviderProps'.
src/components/EnhancedHomeDashboard/EnhancedHomeDashboard.gesture.property.test.ts(193,36): error TS2345: Argument of type 'Element | null' is not assignable to parameter of type 'Element | Node | Window | Document'.
  Type 'null' is not assignable to type 'Element | Node | Window | Document'.
src/components/EnhancedHomeDashboard/EnhancedHomeDashboard.gesture.property.test.ts(197,35): error TS2345: Argument of type 'Element | null' is not assignable to parameter of type 'Element | Node | Window | Document'.
  Type 'null' is not assignable to type 'Element | Node | Window | Document'.
src/components/EnhancedHomeDashboard/EnhancedHomeDashboard.gesture.property.test.ts(201,34): error TS2345: Argument of type 'Element | null' is not assignable to parameter of type 'Element | Node | Window | Document'.
  Type 'null' is not assignable to type 'Element | Node | Window | Document'.
src/components/EnhancedHomeDashboard/EnhancedHomeDashboard.gesture.property.test.ts(234,36): error TS2345: Argument of type 'Element | null' is not assignable to parameter of type 'Element | Node | Window | Document'.
  Type 'null' is not assignable to type 'Element | Node | Window | Document'.
src/components/EnhancedHomeDashboard/EnhancedHomeDashboard.gesture.property.test.ts(238,35): error TS2345: Argument of type 'Element | null' is not assignable to parameter of type 'Element | Node | Window | Document'.
  Type 'null' is not assignable to type 'Element | Node | Window | Document'.
src/components/EnhancedHomeDashboard/EnhancedHomeDashboard.gesture.property.test.ts(242,34): error TS2345: Argument of type 'Element | null' is not assignable to parameter of type 'Element | Node | Window | Document'.
  Type 'null' is not assignable to type 'Element | Node | Window | Document'.
src/components/EnhancedHomeDashboard/EnhancedHomeDashboard.gesture.property.test.ts(361,32): error TS2345: Argument of type 'Element | null' is not assignable to parameter of type 'Element | Node | Window | Document'.
  Type 'null' is not assignable to type 'Element | Node | Window | Document'.
src/components/EnhancedHomeDashboard/EnhancedHomeDashboard.gesture.property.test.ts(366,33): error TS2345: Argument of type 'Element | null' is not assignable to parameter of type 'Element | Node | Window | Document'.
  Type 'null' is not assignable to type 'Element | Node | Window | Document'.
src/components/EnhancedHomeDashboard/EnhancedHomeDashboard.gesture.property.test.ts(371,30): error TS2345: Argument of type 'Element | null' is not assignable to parameter of type 'Element | Node | Window | Document'.
  Type 'null' is not assignable to type 'Element | Node | Window | Document'.
src/components/EnhancedHomeDashboard/EnhancedHomeDashboard.gesture.property.test.ts(416,50): error TS2769: No overload matches this call.
  The last overload gave the following error.
    Argument of type '{}' is not assignable to parameter of type 'Attributes & ThemeProviderProps'.
      Property 'children' is missing in type '{}' but required in type 'ThemeProviderProps'.
src/components/EnhancedHomeDashboard/EnhancedHomeDashboard.gesture.property.test.ts(440,33): error TS2339: Property 'focus' does not exist on type 'Element'.
src/components/EnhancedHomeDashboard/EnhancedHomeDashboard.gesture.property.test.ts(453,34): error TS2345: Argument of type 'Element | null' is not assignable to parameter of type 'Element | Node | Window | Document'.
  Type 'null' is not assignable to type 'Element | Node | Window | Document'.
src/components/EnhancedHomeDashboard/EnhancedHomeDashboard.gesture.property.test.ts(460,33): error TS2345: Argument of type 'Element | null' is not assignable to parameter of type 'Element | Node | Window | Document'.
  Type 'null' is not assignable to type 'Element | Node | Window | Document'.
src/components/EnhancedHomeDashboard/EnhancedHomeDashboard.gesture.property.test.ts(467,32): error TS2345: Argument of type 'Element | null' is not assignable to parameter of type 'Element | Node | Window | Document'.
  Type 'null' is not assignable to type 'Element | Node | Window | Document'.
src/components/EnhancedHomeDashboard/EnhancedHomeDashboard.gesture.property.test.ts(479,28): error TS2345: Argument of type 'Element | null' is not assignable to parameter of type 'Element | Node | Window | Document'.
  Type 'null' is not assignable to type 'Element | Node | Window | Document'.
src/components/EnhancedHomeDashboard/EnhancedHomeDashboard.integration.test.tsx(42,1): error TS2739: Type 'MockInstance<Procedure> & { (...args: any[]): any; new (...args: any[]): any; } & {}' is missing the following properties from type '{ new (url: string | URL, protocols?: string | string[] | undefined): WebSocket; prototype: WebSocket; readonly CONNECTING: 0; readonly OPEN: 1; readonly CLOSING: 2; readonly CLOSED: 3; }': CONNECTING, OPEN, CLOSING, CLOSED
src/components/EnhancedHomeDashboard/EnhancedHomeDashboard.integration.test.tsx(73,9): error TS6133: 'mockThemeContext' is declared but its value is never read.
src/components/EnhancedHomeDashboard/EnhancedHomeDashboard.integration.test.tsx(165,60): error TS7006: Parameter 'callback' implicitly has an 'any' type.
src/components/EnhancedHomeDashboard/EnhancedHomeDashboard.integration.test.tsx(204,66): error TS7006: Parameter 'callback' implicitly has an 'any' type.
src/components/EnhancedHomeDashboard/EnhancedHomeDashboard.integration.test.tsx(240,55): error TS7006: Parameter 'callback' implicitly has an 'any' type.
src/components/EnhancedHomeDashboard/EnhancedHomeDashboard.integration.test.tsx(273,13): error TS6133: 'FailingWidget' is declared but its value is never read.
src/components/EnhancedHomeDashboard/EnhancedHomeDashboard.integration.test.tsx(291,55): error TS7006: Parameter 'callback' implicitly has an 'any' type.
src/components/EnhancedHomeDashboard/EnhancedHomeDashboard.integration.test.tsx(537,60): error TS7006: Parameter 'callback' implicitly has an 'any' type.
src/components/EnhancedHomeDashboard/EnhancedHomeDashboard.integration.test.tsx(567,60): error TS7006: Parameter 'callback' implicitly has an 'any' type.
src/components/EnhancedHomeDashboard/EnhancedHomeDashboard.interaction.property.test.tsx(478,72): error TS2339: Property 'mockReturnValue' does not exist on type 'MockedObject<Promise<MockedObjectDeep<ESModuleExports>>>'.
src/components/EnhancedHomeDashboard/EnhancedHomeDashboard.load.property.test.tsx(5,18): error TS6133: 'screen' is declared but its value is never read.
src/components/EnhancedHomeDashboard/EnhancedHomeDashboard.load.simple.test.tsx(5,18): error TS6133: 'screen' is declared but its value is never read.
src/components/EnhancedHomeDashboard/EnhancedHomeDashboard.loading.property.test.tsx(5,18): error TS6133: 'screen' is declared but its value is never read.
src/components/EnhancedHomeDashboard/EnhancedHomeDashboard.loading.property.test.tsx(242,21): error TS6133: 'computedStyle' is declared but its value is never read.
src/components/EnhancedHomeDashboard/EnhancedHomeDashboard.loading.property.test.tsx(302,23): error TS2339: Property 'focus' does not exist on type 'Element'.
src/components/EnhancedHomeDashboard/EnhancedHomeDashboard.mobile.property.test.ts(175,50): error TS2769: No overload matches this call.
  The last overload gave the following error.
    Argument of type '{}' is not assignable to parameter of type 'Attributes & ThemeProviderProps'.
      Property 'children' is missing in type '{}' but required in type 'ThemeProviderProps'.
src/components/EnhancedHomeDashboard/EnhancedHomeDashboard.mobile.property.test.ts(190,59): error TS2345: Argument of type 'Element | null' is not assignable to parameter of type 'Element'.
  Type 'null' is not assignable to type 'Element'.
src/components/EnhancedHomeDashboard/EnhancedHomeDashboard.mobile.property.test.ts(254,54): error TS2345: Argument of type 'Element | null' is not assignable to parameter of type 'Element'.
  Type 'null' is not assignable to type 'Element'.
src/components/EnhancedHomeDashboard/EnhancedHomeDashboard.mobile.property.test.ts(255,17): error TS6133: 'gridTemplateColumns' is declared but its value is never read.
src/components/EnhancedHomeDashboard/EnhancedHomeDashboard.performance.test.tsx(6,1): error TS6133: 'useLoadingStates' is declared but its value is never read.
src/components/EnhancedHomeDashboard/EnhancedHomeDashboard.performance.test.tsx(7,1): error TS6133: 'useInteractionOptimizer' is declared but its value is never read.
src/components/EnhancedHomeDashboard/EnhancedHomeDashboard.property.test.ts(68,50): error TS2769: No overload matches this call.
  The last overload gave the following error.
    Argument of type '{}' is not assignable to parameter of type 'Attributes & ThemeProviderProps'.
      Property 'children' is missing in type '{}' but required in type 'ThemeProviderProps'.
src/components/EnhancedHomeDashboard/EnhancedHomeDashboard.property.test.ts(178,50): error TS2769: No overload matches this call.
  The last overload gave the following error.
    Argument of type '{}' is not assignable to parameter of type 'Attributes & ThemeProviderProps'.
      Property 'children' is missing in type '{}' but required in type 'ThemeProviderProps'.
src/components/EnhancedHomeDashboard/EnhancedHomeDashboard.property.test.ts(241,18): error TS2304: Cannot find name 'weatherText'.
src/components/EnhancedHomeDashboard/EnhancedHomeDashboard.property.test.ts(276,50): error TS2769: No overload matches this call.
  The last overload gave the following error.
    Argument of type '{}' is not assignable to parameter of type 'Attributes & ThemeProviderProps'.
      Property 'children' is missing in type '{}' but required in type 'ThemeProviderProps'.
src/components/EnhancedHomeDashboard/EnhancedHomeDashboard.property.test.ts(414,50): error TS2769: No overload matches this call.
  The last overload gave the following error.
    Argument of type '{}' is not assignable to parameter of type 'Attributes & ThemeProviderProps'.
      Property 'children' is missing in type '{}' but required in type 'ThemeProviderProps'.
src/components/EnhancedHomeDashboard/EnhancedHomeDashboard.property.test.ts(420,21): error TS2769: No overload matches this call.
  The last overload gave the following error.
    Type 'string' is not assignable to type '"high" | "medium" | "low" | undefined'.
src/components/EnhancedHomeDashboard/EnhancedHomeDashboard.property.test.ts(433,17): error TS6133: 'urgencyIndicator' is declared but its value is never read.
src/components/EnhancedHomeDashboard/EnhancedHomeDashboard.property.test.ts(474,19): error TS6133: 'hasUrgencyClass' is declared but its value is never read.
src/components/EnhancedHomeDashboard/EnhancedHomeDashboard.test.tsx(9,1): error TS6133: 'React' is declared but its value is never read.
src/components/EnhancedHomeDashboard/EnhancedHomeDashboardOptimized.tsx(108,5): error TS6133: 'loadWidget' is declared but its value is never read.
src/components/EnhancedHomeDashboard/EnhancedHomeDashboardOptimized.tsx(124,5): error TS6133: 'calculateWidgetPriority' is declared but its value is never read.
src/components/EnhancedHomeDashboard/EnhancedHomeDashboardOptimized.tsx(125,5): error TS6133: 'getCurrentTimePreferences' is declared but its value is never read.
src/components/EnhancedHomeDashboard/EnhancedHomeDashboardOptimized.tsx(205,28): error TS6133: 'setRecentActivities' is declared but its value is never read.
src/components/EnhancedHomeDashboard/EnhancedHomeDashboardOptimized.tsx(238,49): error TS6133: 'lastRefresh' is declared but its value is never read.
src/components/EnhancedHomeDashboard/EnhancedHomeDashboardOptimized.tsx(279,24): error TS6133: 'setWidgetLayout' is declared but its value is never read.
src/components/EnhancedHomeDashboard/EnhancedHomeDashboardOptimized.tsx(329,49): error TS6133: 'notificationId' is declared but its value is never read.
src/components/EnhancedHomeDashboard/EnhancedHomeDashboardOptimized.tsx(462,11): error TS6133: 'isVisible' is declared but its value is never read.
src/components/EnhancedHomeDashboard/EnhancedHomeDashboardOptimized.tsx(525,16): error TS2739: Type '{}' is missing the following properties from type 'ContextualInsightsProps': metrics, trends, timeframe, onDrillDown
src/components/EnhancedHomeDashboard/EnhancedHomeDashboardOptimized.tsx(598,9): error TS2322: Type 'EffectiveTheme' is not assignable to type '"day" | "night"'.
  Type '"high-tech"' is not assignable to type '"day" | "night"'.
src/components/EnhancedHomeDashboard/EnhancedHomeDashboardOptimized.tsx(635,48): error TS2339: Property 'notifications' does not exist on type '{ focusThreadsCount: number; waitingThreadsCount: number; atRiskDealsCount: number; upcomingAppointments: AppointmentSummary[]; urgencyLevel: "high" | "medium" | "low"; }'.
src/components/EnhancedHomeDashboard/EnhancedHomeDashboardOptimized.tsx(642,19): error TS7006: Parameter 'widget' implicitly has an 'any' type.
src/components/EnhancedHomeDashboard/EnhancedHomeDashboardOptimized.tsx(643,18): error TS7006: Parameter 'a' implicitly has an 'any' type.
src/components/EnhancedHomeDashboard/EnhancedHomeDashboardOptimized.tsx(643,21): error TS7006: Parameter 'b' implicitly has an 'any' type.
src/components/EnhancedHomeDashboard/EnhancedHomeDashboardOptimized.tsx(644,16): error TS7006: Parameter 'widget' implicitly has an 'any' type.
src/components/ErrorBoundary/ErrorBoundary.tsx(1,8): error TS6133: 'React' is declared but its value is never read.
src/components/FilterChips/index.ts(7,16): error TS2304: Cannot find name 'FilterChips'.
src/components/FluidParticleOverlay/FluidParticleOverlay.property.test.ts(69,31): error TS6133: 'magnitude' is declared but its value is never read.
src/components/FolderSidebar/FolderSidebar.property.test.tsx(13,1): error TS6133: 'fc' is declared but its value is never read.
src/components/Foundation/ComponentPatterns.property.test.ts(106,13): error TS6196: 'StandardComponentProps' is declared but never used.
src/components/Foundation/ComponentPatterns.property.test.ts(112,13): error TS6196: 'VariantProps' is declared but never used.
src/components/Foundation/ComponentPatterns.property.test.ts(117,13): error TS6196: 'InteractiveProps' is declared but never used.
src/components/Foundation/ComponentPatterns.property.test.ts(123,9): error TS6133: 'propPatternArb' is declared but its value is never read.
src/components/Foundation/ComponentPatterns.property.test.ts(151,34): error TS2339: Property 'hasChildren' does not exist on type '{ hasClassName: boolean; hasChildren: boolean; hasVariant: boolean; hasSize: boolean; hasOnClick: boolean; hasDisabled: boolean; hasAriaLabel: boolean; } | { hasClassName: boolean; hasChildren: boolean; hasVariant: boolean; hasPadding: boolean; hasOnClick: boolean; hasAriaLabel: boolean; } | { ...; } | { ...; }'.
  Property 'hasChildren' does not exist on type '{ hasClassName: boolean; hasVariant: boolean; hasSize: boolean; hasError: boolean; hasLabel: boolean; }'.
src/components/Foundation/ComponentPatterns.property.test.ts(267,39): error TS6133: 'category' is declared but its value is never read.
src/components/Foundation/ComponentPatterns.property.test.ts(269,48): error TS6133: 'index' is declared but its value is never read.
src/components/Foundation/Typography/Typography.tsx(50,6): error TS2741: Property 'object' is missing in type '{ children: ReactNode; className: string; }' but required in type '{ object: object; }'.
src/components/GodmodeToggle/index.ts(2,16): error TS2304: Cannot find name 'GodmodeToggle'.
src/components/IntelScoreTooltip/IntelScoreTooltip 2.tsx(11,5): error TS6133: 'getBestImprovementAction' is declared but its value is never read.
src/components/IntelScoreTooltip/IntelScoreTooltip.tsx(9,5): error TS6133: 'getImprovementActions' is declared but its value is never read.
src/components/IntelScoreTooltip/IntelScoreTooltip.tsx(11,5): error TS6133: 'getBestImprovementAction' is declared but its value is never read.
src/components/LazyComponent/LazyComponent.tsx(68,9): error TS6133: 'error' is declared but its value is never read.
src/components/LazyComponent/LazyComponent.tsx(174,14): error TS2322: Type 'T' is not assignable to type 'IntrinsicAttributes & ((PropsWithoutRef<T> & RefAttributes<Component<T, any, any>>) | PropsWithRef<T>)'.
  Type 'object' is not assignable to type 'IntrinsicAttributes & ((PropsWithoutRef<T> & RefAttributes<Component<T, any, any>>) | PropsWithRef<T>)'.
    Type 'T' is not assignable to type 'IntrinsicAttributes & PropsWithRef<T>'.
      Type 'object' is not assignable to type 'IntrinsicAttributes & PropsWithRef<T>'.
        Type 'object' is not assignable to type 'PropsWithRef<T>'.
          Type 'T' is not assignable to type 'PropsWithRef<T>'.
            Type 'object' is not assignable to type 'PropsWithRef<T>'.
src/components/LoadingStates/LoadingStates.property.test.tsx(4,1): error TS6133: 'React' is declared but its value is never read.
src/components/LoadingStates/LoadingStates.property.test.tsx(6,18): error TS6133: 'screen' is declared but its value is never read.
src/components/LoadingStates/LoadingStates.property.test.tsx(43,15): error TS2322: Type 'string' is not assignable to type '"sm" | "md" | "lg" | "xl" | undefined'.
src/components/LoadingStates/LoadingStates.property.test.tsx(44,15): error TS2322: Type 'string' is not assignable to type '"neutral" | "primary" | "secondary" | undefined'.
src/components/LoadingStates/LoadingStates.property.test.tsx(68,29): error TS2322: Type 'string' is not assignable to type '"sm" | "md" | "lg" | "xl" | undefined'.
src/components/LoadingStates/LoadingStates.property.test.tsx(68,41): error TS2322: Type 'string' is not assignable to type '"neutral" | "primary" | "secondary" | undefined'.
src/components/LoadingStates/LoadingStates.property.test.tsx(156,29): error TS2322: Type 'string' is not assignable to type '"text" | "circular" | "rectangular" | "rounded" | undefined'.
src/components/LoadingStates/LoadingStates.property.test.tsx(223,15): error TS2322: Type 'string' is not assignable to type '"progress" | "spinner" | "skeleton" | "widget-skeleton" | undefined'.
src/components/LoadingStates/LoadingStates.property.test.tsx(358,15): error TS2322: Type 'string' is not assignable to type '"error" | "warning" | "info" | undefined'.
src/components/LoadingStates/LoadingStates.property.test.tsx(401,56): error TS2322: Type 'string' is not assignable to type '"sm" | "md" | "lg" | "xl" | undefined'.
src/components/LoadingStates/LoadingStates.property.test.tsx(402,54): error TS2322: Type 'string' is not assignable to type '"sm" | "md" | "lg" | undefined'.
src/components/Navigation/Navigation.property.test.tsx(78,17): error TS6133: 'computedStyle' is declared but its value is never read.
src/components/NewContactModal/NewContactModal.tsx(1,27): error TS6133: 'useEffect' is declared but its value is never read.
src/components/NewContactModal/NewContactModal.tsx(8,5): error TS6133: 'Briefcase' is declared but its value is never read.
src/components/NewContactModal/NewContactModal.tsx(132,25): error TS7006: Parameter 'prev' implicitly has an 'any' type.
src/components/NewContactModal/NewContactModal.tsx(136,25): error TS7006: Parameter 'prev' implicitly has an 'any' type.
src/components/NewPageError/NewPageError.property.test.tsx(13,24): error TS6133: 'expect' is declared but its value is never read.
src/components/NewPageHeader/NewPageHeader.property.test.tsx(54,16): error TS2741: Property 'onFilterChange' is missing in type '{ threadCount: number; urgentCount: number; isCompact: false; syncStatus: SyncStatus; onRefresh: Mock<Procedure>; onSearch: Mock<Procedure>; }' but required in type 'NewPageHeaderProps'.
src/components/NewPageHeader/NewPageHeader.property.test.tsx(66,19): error TS6133: 'expectedText' is declared but its value is never read.
src/components/NewPageHeader/NewPageHeader.property.test.tsx(90,16): error TS2741: Property 'onFilterChange' is missing in type '{ threadCount: number; urgentCount: number; isCompact: false; syncStatus: SyncStatus; onRefresh: Mock<Procedure>; onSearch: Mock<Procedure>; }' but required in type 'NewPageHeaderProps'.
src/components/NewPageHeader/NewPageHeader.property.test.tsx(122,16): error TS2741: Property 'onFilterChange' is missing in type '{ threadCount: number; urgentCount: number; isCompact: false; syncStatus: SyncStatus; onRefresh: Mock<Procedure>; onSearch: Mock<Procedure>; }' but required in type 'NewPageHeaderProps'.
src/components/NewPageHeader/NewPageHeader.property.test.tsx(166,16): error TS2741: Property 'onFilterChange' is missing in type '{ threadCount: number; urgentCount: number; isCompact: false; syncStatus: SyncStatus; onRefresh: Mock<Procedure>; onSearch: Mock<Procedure>; }' but required in type 'NewPageHeaderProps'.
src/components/NewPageHeader/NewPageHeader.property.test.tsx(197,16): error TS2741: Property 'onFilterChange' is missing in type '{ threadCount: number; urgentCount: number; isCompact: false; syncStatus: SyncStatus; onRefresh: Mock<Procedure>; onSearch: Mock<Procedure>; }' but required in type 'NewPageHeaderProps'.
src/components/NewPageHeader/NewPageHeader.property.test.tsx(231,16): error TS2741: Property 'onFilterChange' is missing in type '{ threadCount: number; urgentCount: number; isCompact: false; syncStatus: "idle"; onRefresh: Mock<Procedure>; onSearch: Mock<Procedure>; }' but required in type 'NewPageHeaderProps'.
src/components/NewPageHeader/NewPageHeader.property.test.tsx(274,16): error TS2741: Property 'onFilterChange' is missing in type '{ threadCount: number; urgentCount: number; isCompact: true; syncStatus: SyncStatus; onRefresh: Mock<Procedure>; onSearch: Mock<Procedure>; }' but required in type 'NewPageHeaderProps'.
src/components/NewPageHeader/NewPageHeader.property.test.tsx(308,16): error TS2741: Property 'onFilterChange' is missing in type '{ threadCount: number; urgentCount: number; isCompact: false; syncStatus: SyncStatus; onRefresh: Mock<Procedure>; onSearch: Mock<Procedure>; }' but required in type 'NewPageHeaderProps'.
src/components/NewPageHeader/NewPageHeader.property.test.tsx(342,16): error TS2741: Property 'onFilterChange' is missing in type '{ threadCount: number; urgentCount: number; isCompact: true; syncStatus: SyncStatus; onRefresh: Mock<Procedure>; onSearch: Mock<Procedure>; }' but required in type 'NewPageHeaderProps'.
src/components/NewPageHeader/NewPageHeader.property.test.tsx(376,16): error TS2741: Property 'onFilterChange' is missing in type '{ threadCount: number; urgentCount: number; isCompact: false; syncStatus: SyncStatus; onRefresh: Mock<Procedure>; onSearch: Mock<Procedure>; }' but required in type 'NewPageHeaderProps'.
src/components/NewPageHeader/NewPageHeader.property.test.tsx(419,16): error TS2741: Property 'onFilterChange' is missing in type '{ threadCount: number; urgentCount: number; isCompact: boolean; syncStatus: "syncing"; onRefresh: Mock<Procedure>; onSearch: Mock<Procedure>; }' but required in type 'NewPageHeaderProps'.
src/components/NewPageHeader/NewPageHeader.property.test.tsx(453,16): error TS2741: Property 'onFilterChange' is missing in type '{ threadCount: number; urgentCount: number; isCompact: boolean; syncStatus: "idle"; onRefresh: Mock<Procedure>; onSearch: Mock<Procedure>; }' but required in type 'NewPageHeaderProps'.
src/components/NewPageHeader/NewPageHeader.property.test.tsx(487,16): error TS2741: Property 'onFilterChange' is missing in type '{ threadCount: number; urgentCount: number; isCompact: boolean; syncStatus: "offline"; onRefresh: Mock<Procedure>; onSearch: Mock<Procedure>; }' but required in type 'NewPageHeaderProps'.
src/components/NewPageHeader/NewPageHeader.property.test.tsx(521,16): error TS2741: Property 'onFilterChange' is missing in type '{ threadCount: number; urgentCount: number; isCompact: boolean; syncStatus: "error"; onRefresh: Mock<Procedure>; onSearch: Mock<Procedure>; }' but required in type 'NewPageHeaderProps'.
src/components/NewPageHeader/NewPageHeader.property.test.tsx(556,16): error TS2741: Property 'onFilterChange' is missing in type '{ threadCount: number; urgentCount: number; isCompact: boolean; syncStatus: SyncStatus; onRefresh: Mock<Procedure>; onSearch: Mock<Procedure>; }' but required in type 'NewPageHeaderProps'.
src/components/NewPageHeader/NewPageHeader.property.test.tsx(616,16): error TS2741: Property 'onFilterChange' is missing in type '{ threadCount: number; urgentCount: number; isCompact: boolean; syncStatus: SyncStatus; onRefresh: Mock<Procedure>; onSearch: Mock<Procedure>; }' but required in type 'NewPageHeaderProps'.
src/components/NewPageHeader/NewPageHeader.property.test.tsx(642,10): error TS2741: Property 'onFilterChange' is missing in type '{ threadCount: number; urgentCount: number; isCompact: false; syncStatus: "syncing"; onRefresh: Mock<Procedure>; onSearch: Mock<Procedure>; }' but required in type 'NewPageHeaderProps'.
src/components/NewPageHeader/NewPageHeader.property.test.tsx(678,16): error TS2741: Property 'onFilterChange' is missing in type '{ threadCount: number; urgentCount: number; isCompact: boolean; syncStatus: SyncStatus; onRefresh: Mock<Procedure>; onSearch: Mock<Procedure>; }' but required in type 'NewPageHeaderProps'.
src/components/NewPageHeader/NewPageHeader.property.test.tsx(711,16): error TS2741: Property 'onFilterChange' is missing in type '{ threadCount: number; urgentCount: number; isCompact: false; syncStatus: "idle"; onRefresh: Mock<Procedure>; onSearch: Mock<Procedure>; onToggleBatchMode: Mock<...>; isBatchMode: boolean; }' but required in type 'NewPageHeaderProps'.
src/components/NewPageHeader/NewPageHeader.property.test.tsx(741,16): error TS2741: Property 'onFilterChange' is missing in type '{ threadCount: number; urgentCount: number; isCompact: false; syncStatus: "idle"; onRefresh: Mock<Procedure>; onSearch: Mock<Procedure>; onToggleBatchMode: Mock<...>; isBatchMode: boolean; }' but required in type 'NewPageHeaderProps'.
src/components/NewPageHeader/NewPageHeader.property.test.tsx(774,10): error TS2741: Property 'onFilterChange' is missing in type '{ threadCount: number; urgentCount: number; isCompact: false; syncStatus: "idle"; onRefresh: Mock<Procedure>; onSearch: Mock<Procedure>; }' but required in type 'NewPageHeaderProps'.
src/components/OfflineIndicator/OfflineIndicator.property.test.tsx(7,1): error TS6133: 'React' is declared but its value is never read.
src/components/OfflineIndicator/OfflineIndicator.property.test.tsx(20,7): error TS6133: 'offlineStateGenerator' is declared but its value is never read.
src/components/OfflineIndicator/OfflineIndicator.property.test.tsx(28,7): error TS6133: 'syncTimeGenerator' is declared but its value is never read.
src/components/OfflineIndicator/OfflineIndicator.property.test.tsx(53,31): error TS6133: 'index' is declared but its value is never read.
src/components/OfflineIndicator/OfflineIndicator.property.test.tsx(54,38): error TS2345: Argument of type '{ lastSyncTime: number; syncQueue: Mock<Procedure>; updatePendingCount: Mock<Procedure>; isSyncing: boolean; isOnline: boolean; pendingActions: number; dataFreshness: "fresh"; } | { ...; }' is not assignable to parameter of type '{ syncQueue: (conflictStrategy?: ConflictResolutionStrategy) => Promise<void>; updatePendingCount: () => Promise<void>; checkConnectivity: () => Promise<void>; ... 5 more ...; unresolvedConflicts: number; }'.
  Type '{ lastSyncTime: number; syncQueue: Mock<Procedure>; updatePendingCount: Mock<Procedure>; isSyncing: boolean; isOnline: boolean; pendingActions: number; dataFreshness: "fresh"; }' is missing the following properties from type '{ syncQueue: (conflictStrategy?: ConflictResolutionStrategy) => Promise<void>; updatePendingCount: () => Promise<void>; checkConnectivity: () => Promise<...>; ... 5 more ...; unresolvedConflicts: number; }': checkConnectivity, unresolvedConflicts
src/components/OfflineIndicator/OfflineIndicator.property.test.tsx(90,36): error TS2345: Argument of type '{ syncQueue: Mock<Procedure>; updatePendingCount: Mock<Procedure>; isOnline: boolean; isSyncing: boolean; pendingActions: number; lastSyncTime: number; dataFreshness: "stale"; }' is not assignable to parameter of type '{ syncQueue: (conflictStrategy?: ConflictResolutionStrategy) => Promise<void>; updatePendingCount: () => Promise<void>; checkConnectivity: () => Promise<void>; ... 5 more ...; unresolvedConflicts: number; }'.
  Type '{ syncQueue: Mock<Procedure>; updatePendingCount: Mock<Procedure>; isOnline: boolean; isSyncing: boolean; pendingActions: number; lastSyncTime: number; dataFreshness: "stale"; }' is missing the following properties from type '{ syncQueue: (conflictStrategy?: ConflictResolutionStrategy) => Promise<void>; updatePendingCount: () => Promise<void>; checkConnectivity: () => Promise<...>; ... 5 more ...; unresolvedConflicts: number; }': checkConnectivity, unresolvedConflicts
src/components/OfflineIndicator/OfflineIndicator.property.test.tsx(118,38): error TS2345: Argument of type '{ syncQueue: Mock<Procedure>; updatePendingCount: Mock<Procedure>; isOnline: boolean; isSyncing: boolean; pendingActions: number; lastSyncTime: number; dataFreshness: "stale"; }' is not assignable to parameter of type '{ syncQueue: (conflictStrategy?: ConflictResolutionStrategy) => Promise<void>; updatePendingCount: () => Promise<void>; checkConnectivity: () => Promise<void>; ... 5 more ...; unresolvedConflicts: number; }'.
  Type '{ syncQueue: Mock<Procedure>; updatePendingCount: Mock<Procedure>; isOnline: boolean; isSyncing: boolean; pendingActions: number; lastSyncTime: number; dataFreshness: "stale"; }' is missing the following properties from type '{ syncQueue: (conflictStrategy?: ConflictResolutionStrategy) => Promise<void>; updatePendingCount: () => Promise<void>; checkConnectivity: () => Promise<...>; ... 5 more ...; unresolvedConflicts: number; }': checkConnectivity, unresolvedConflicts
src/components/OfflineIndicator/OfflineIndicator.property.test.tsx(150,38): error TS2345: Argument of type '{ syncQueue: Mock<Procedure>; updatePendingCount: Mock<Procedure>; isOnline: boolean; isSyncing: boolean; pendingActions: number; lastSyncTime: number; dataFreshness: "fresh"; }' is not assignable to parameter of type '{ syncQueue: (conflictStrategy?: ConflictResolutionStrategy) => Promise<void>; updatePendingCount: () => Promise<void>; checkConnectivity: () => Promise<void>; ... 5 more ...; unresolvedConflicts: number; }'.
  Type '{ syncQueue: Mock<Procedure>; updatePendingCount: Mock<Procedure>; isOnline: boolean; isSyncing: boolean; pendingActions: number; lastSyncTime: number; dataFreshness: "fresh"; }' is missing the following properties from type '{ syncQueue: (conflictStrategy?: ConflictResolutionStrategy) => Promise<void>; updatePendingCount: () => Promise<void>; checkConnectivity: () => Promise<...>; ... 5 more ...; unresolvedConflicts: number; }': checkConnectivity, unresolvedConflicts
src/components/OfflineIndicator/OfflineIndicator.property.test.tsx(192,38): error TS2345: Argument of type '{ syncQueue: Mock<Procedure>; updatePendingCount: Mock<Procedure>; isOnline: boolean; isSyncing: boolean; pendingActions: number; lastSyncTime: number; dataFreshness: "fresh"; }' is not assignable to parameter of type '{ syncQueue: (conflictStrategy?: ConflictResolutionStrategy) => Promise<void>; updatePendingCount: () => Promise<void>; checkConnectivity: () => Promise<void>; ... 5 more ...; unresolvedConflicts: number; }'.
  Type '{ syncQueue: Mock<Procedure>; updatePendingCount: Mock<Procedure>; isOnline: boolean; isSyncing: boolean; pendingActions: number; lastSyncTime: number; dataFreshness: "fresh"; }' is missing the following properties from type '{ syncQueue: (conflictStrategy?: ConflictResolutionStrategy) => Promise<void>; updatePendingCount: () => Promise<void>; checkConnectivity: () => Promise<...>; ... 5 more ...; unresolvedConflicts: number; }': checkConnectivity, unresolvedConflicts
src/components/OfflineIndicator/OfflineIndicator.property.test.tsx(226,38): error TS2345: Argument of type '{ lastSyncTime: number; syncQueue: Mock<Procedure>; updatePendingCount: Mock<Procedure>; isOnline: boolean; isSyncing: boolean; pendingActions: number; dataFreshness: "stale"; } | { ...; }' is not assignable to parameter of type '{ syncQueue: (conflictStrategy?: ConflictResolutionStrategy) => Promise<void>; updatePendingCount: () => Promise<void>; checkConnectivity: () => Promise<void>; ... 5 more ...; unresolvedConflicts: number; }'.
  Type '{ lastSyncTime: number; syncQueue: Mock<Procedure>; updatePendingCount: Mock<Procedure>; isOnline: boolean; isSyncing: boolean; pendingActions: number; dataFreshness: "stale"; }' is missing the following properties from type '{ syncQueue: (conflictStrategy?: ConflictResolutionStrategy) => Promise<void>; updatePendingCount: () => Promise<void>; checkConnectivity: () => Promise<...>; ... 5 more ...; unresolvedConflicts: number; }': checkConnectivity, unresolvedConflicts
src/components/OfflineIndicator/OfflineIndicator.property.test.tsx(271,38): error TS2345: Argument of type '{ syncQueue: Mock<Procedure>; updatePendingCount: Mock<Procedure>; isOnline: boolean; isSyncing: boolean; pendingActions: number; lastSyncTime: number; dataFreshness: "stale"; }' is not assignable to parameter of type '{ syncQueue: (conflictStrategy?: ConflictResolutionStrategy) => Promise<void>; updatePendingCount: () => Promise<void>; checkConnectivity: () => Promise<void>; ... 5 more ...; unresolvedConflicts: number; }'.
  Type '{ syncQueue: Mock<Procedure>; updatePendingCount: Mock<Procedure>; isOnline: boolean; isSyncing: boolean; pendingActions: number; lastSyncTime: number; dataFreshness: "stale"; }' is missing the following properties from type '{ syncQueue: (conflictStrategy?: ConflictResolutionStrategy) => Promise<void>; updatePendingCount: () => Promise<void>; checkConnectivity: () => Promise<...>; ... 5 more ...; unresolvedConflicts: number; }': checkConnectivity, unresolvedConflicts
src/components/OfflineIndicator/OfflineIndicator.transition.property.test.tsx(10,1): error TS6133: 'React' is declared but its value is never read.
src/components/OfflineIndicator/OfflineIndicator.transition.property.test.tsx(11,18): error TS6133: 'screen' is declared but its value is never read.
src/components/OfflineIndicator/OfflineIndicator.transition.property.test.tsx(17,1): error TS2304: Cannot find name 'vi'.
src/components/OfflineIndicator/OfflineIndicator.transition.property.test.tsx(18,24): error TS2304: Cannot find name 'vi'.
src/components/OfflineIndicator/OfflineIndicator.transition.property.test.tsx(22,5): error TS2304: Cannot find name 'vi'.
src/components/OfflineIndicator/OfflineIndicator.transition.property.test.tsx(43,24): error TS2304: Cannot find name 'vi'.
src/components/OfflineIndicator/OfflineIndicator.transition.property.test.tsx(44,33): error TS2304: Cannot find name 'vi'.
src/components/OfflineIndicator/OfflineIndicator.transition.property.test.tsx(93,24): error TS2304: Cannot find name 'vi'.
src/components/OfflineIndicator/OfflineIndicator.transition.property.test.tsx(94,33): error TS2304: Cannot find name 'vi'.
src/components/OfflineIndicator/OfflineIndicator.transition.property.test.tsx(143,20): error TS2304: Cannot find name 'vi'.
src/components/OfflineIndicator/OfflineIndicator.transition.property.test.tsx(144,29): error TS2304: Cannot find name 'vi'.
src/components/OfflineIndicator/OfflineIndicator.transition.property.test.tsx(193,20): error TS2304: Cannot find name 'vi'.
src/components/OfflineIndicator/OfflineIndicator.transition.property.test.tsx(193,48): error TS7006: Parameter 'query' implicitly has an 'any' type.
src/components/OfflineIndicator/OfflineIndicator.transition.property.test.tsx(197,28): error TS2304: Cannot find name 'vi'.
src/components/OfflineIndicator/OfflineIndicator.transition.property.test.tsx(198,31): error TS2304: Cannot find name 'vi'.
src/components/OfflineIndicator/OfflineIndicator.transition.property.test.tsx(199,33): error TS2304: Cannot find name 'vi'.
src/components/OfflineIndicator/OfflineIndicator.transition.property.test.tsx(200,36): error TS2304: Cannot find name 'vi'.
src/components/OfflineIndicator/OfflineIndicator.transition.property.test.tsx(201,30): error TS2304: Cannot find name 'vi'.
src/components/OfflineIndicator/OfflineIndicator.transition.property.test.tsx(211,24): error TS2304: Cannot find name 'vi'.
src/components/OfflineIndicator/OfflineIndicator.transition.property.test.tsx(212,33): error TS2304: Cannot find name 'vi'.
src/components/OracleBadge/index.ts(2,16): error TS2304: Cannot find name 'OracleBadge'.
src/components/OracleBadge/OracleBadge.tsx(79,5): error TS6133: 'contactId' is declared but its value is never read.
src/components/ParticleAvatar/HologramParticleEngine.property.test.ts(11,32): error TS6133: 'beforeEach' is declared but its value is never read.
src/components/ParticleAvatar/HologramParticleEngine.property.test.ts(15,11): error TS6196: 'MockParticle' is declared but never used.
src/components/ParticleAvatar/HologramParticleEngine.property.test.ts(96,29): error TS6133: 'progress' is declared but its value is never read.
src/components/ParticleAvatar/HologramParticleEngine.property.test.ts(170,31): error TS6133: '_' is declared but its value is never read.
src/components/ParticleAvatar/HologramParticleEngine.property.test.ts(195,36): error TS6133: 'state' is declared but its value is never read.
src/components/ParticleAvatar/useParticleSystem.ts(129,32): error TS6133: 'amplitude' is declared but its value is never read.
src/components/PriorityNotificationsPanel/PriorityNotificationsPanel.priority.property.test.tsx(7,1): error TS6133: 'React' is declared but its value is never read.
src/components/PriorityNotificationsPanel/PriorityNotificationsPanel.priority.property.test.tsx(11,38): error TS6133: 'Notification' is declared but its value is never read.
src/components/PriorityNotificationsPanel/PriorityNotificationsPanel.priority.property.test.tsx(11,52): error TS6133: 'NotificationAction' is declared but its value is never read.
src/components/PriorityNotificationsPanel/PriorityNotificationsPanel.priority.property.test.tsx(39,28): error TS2345: Argument of type 'string' is not assignable to parameter of type '"success" | "warning" | "info" | "urgent"'.
src/components/PriorityNotificationsPanel/PriorityNotificationsPanel.priority.property.test.tsx(50,11): error TS2322: Type '{ id: string; type: "success" | "warning" | "info" | "urgent"; title: string; message: string; actionable: boolean; actions: { label: string; action: string; primary: boolean; }[] | null; timestamp: Date; dismissed: boolean; priority: number; }[]' is not assignable to type 'Notification[]'.
  Type '{ id: string; type: "success" | "warning" | "info" | "urgent"; title: string; message: string; actionable: boolean; actions: { label: string; action: string; primary: boolean; }[] | null; timestamp: Date; dismissed: boolean; priority: number; }' is not assignable to type 'Notification'.
    Types of property 'actions' are incompatible.
      Type '{ label: string; action: string; primary: boolean; }[] | null' is not assignable to type 'NotificationAction[] | undefined'.
        Type 'null' is not assignable to type 'NotificationAction[] | undefined'.
src/components/PriorityNotificationsPanel/PriorityNotificationsPanel.priority.property.test.tsx(83,11): error TS2322: Type '{ id: string; type: "success" | "warning" | "info" | "urgent"; title: string; message: string; actionable: boolean; actions: { label: string; action: string; primary: boolean; }[] | null; timestamp: Date; dismissed: boolean; priority: number; }[]' is not assignable to type 'Notification[]'.
  Type '{ id: string; type: "success" | "warning" | "info" | "urgent"; title: string; message: string; actionable: boolean; actions: { label: string; action: string; primary: boolean; }[] | null; timestamp: Date; dismissed: boolean; priority: number; }' is not assignable to type 'Notification'.
    Types of property 'actions' are incompatible.
      Type '{ label: string; action: string; primary: boolean; }[] | null' is not assignable to type 'NotificationAction[] | undefined'.
        Type 'null' is not assignable to type 'NotificationAction[] | undefined'.
src/components/PriorityNotificationsPanel/PriorityNotificationsPanel.priority.property.test.tsx(121,13): error TS2322: Type '{ id: string; type: "success" | "warning" | "info" | "urgent"; title: string; message: string; actionable: boolean; actions: { label: string; action: string; primary: boolean; }[] | null; timestamp: Date; dismissed: boolean; priority: number; }[]' is not assignable to type 'Notification[]'.
  Type '{ id: string; type: "success" | "warning" | "info" | "urgent"; title: string; message: string; actionable: boolean; actions: { label: string; action: string; primary: boolean; }[] | null; timestamp: Date; dismissed: boolean; priority: number; }' is not assignable to type 'Notification'.
    Types of property 'actions' are incompatible.
      Type '{ label: string; action: string; primary: boolean; }[] | null' is not assignable to type 'NotificationAction[] | undefined'.
        Type 'null' is not assignable to type 'NotificationAction[] | undefined'.
src/components/PriorityNotificationsPanel/PriorityNotificationsPanel.priority.property.test.tsx(152,55): error TS2345: Argument of type 'string' is not assignable to parameter of type '"success" | "warning" | "info" | "urgent"'.
src/components/PriorityNotificationsPanel/PriorityNotificationsPanel.priority.property.test.tsx(158,13): error TS2322: Type '{ id: string; type: "success" | "warning" | "info" | "urgent"; title: string; message: string; actionable: boolean; actions: { label: string; action: string; primary: boolean; }[] | null; timestamp: Date; dismissed: boolean; priority: number; }[]' is not assignable to type 'Notification[]'.
  Type '{ id: string; type: "success" | "warning" | "info" | "urgent"; title: string; message: string; actionable: boolean; actions: { label: string; action: string; primary: boolean; }[] | null; timestamp: Date; dismissed: boolean; priority: number; }' is not assignable to type 'Notification'.
    Types of property 'actions' are incompatible.
      Type '{ label: string; action: string; primary: boolean; }[] | null' is not assignable to type 'NotificationAction[] | undefined'.
        Type 'null' is not assignable to type 'NotificationAction[] | undefined'.
src/components/PriorityNotificationsPanel/PriorityNotificationsPanel.priority.property.test.tsx(199,13): error TS2322: Type '{ id: string; type: "success" | "warning" | "info" | "urgent"; title: string; message: string; actionable: boolean; actions: { label: string; action: string; primary: boolean; }[] | null; timestamp: Date; dismissed: boolean; priority: number; }[]' is not assignable to type 'Notification[]'.
  Type '{ id: string; type: "success" | "warning" | "info" | "urgent"; title: string; message: string; actionable: boolean; actions: { label: string; action: string; primary: boolean; }[] | null; timestamp: Date; dismissed: boolean; priority: number; }' is not assignable to type 'Notification'.
    Types of property 'actions' are incompatible.
      Type '{ label: string; action: string; primary: boolean; }[] | null' is not assignable to type 'NotificationAction[] | undefined'.
        Type 'null' is not assignable to type 'NotificationAction[] | undefined'.
src/components/PriorityNotificationsPanel/PriorityNotificationsPanel.test.tsx(1,1): error TS6133: 'React' is declared but its value is never read.
src/components/PriorityNotificationsPanel/PriorityNotificationsPanel.visual.property.test.tsx(7,1): error TS6133: 'React' is declared but its value is never read.
src/components/PriorityNotificationsPanel/PriorityNotificationsPanel.visual.property.test.tsx(11,38): error TS6133: 'Notification' is declared but its value is never read.
src/components/PriorityNotificationsPanel/PriorityNotificationsPanel.visual.property.test.tsx(40,13): error TS2322: Type '{ id: string; type: string; title: string; message: string; actionable: boolean; actions: { label: string; action: string; primary: boolean; }[] | null; timestamp: Date; dismissed: boolean; priority: number; }[]' is not assignable to type 'Notification[]'.
  Type '{ id: string; type: string; title: string; message: string; actionable: boolean; actions: { label: string; action: string; primary: boolean; }[] | null; timestamp: Date; dismissed: boolean; priority: number; }' is not assignable to type 'Notification'.
    Types of property 'type' are incompatible.
      Type 'string' is not assignable to type '"success" | "warning" | "info" | "urgent"'.
src/components/PriorityNotificationsPanel/PriorityNotificationsPanel.visual.property.test.tsx(72,13): error TS2322: Type '{ id: string; type: string; title: string; message: string; actionable: boolean; actions: { label: string; action: string; primary: boolean; }[] | null; timestamp: Date; dismissed: boolean; priority: number; }[]' is not assignable to type 'Notification[]'.
  Type '{ id: string; type: string; title: string; message: string; actionable: boolean; actions: { label: string; action: string; primary: boolean; }[] | null; timestamp: Date; dismissed: boolean; priority: number; }' is not assignable to type 'Notification'.
    Types of property 'type' are incompatible.
      Type 'string' is not assignable to type '"success" | "warning" | "info" | "urgent"'.
src/components/PriorityNotificationsPanel/PriorityNotificationsPanel.visual.property.test.tsx(102,13): error TS2322: Type '{ id: string; type: string; title: string; message: string; actionable: boolean; actions: { label: string; action: string; primary: boolean; }[] | null; timestamp: Date; dismissed: boolean; priority: number; }[]' is not assignable to type 'Notification[]'.
  Type '{ id: string; type: string; title: string; message: string; actionable: boolean; actions: { label: string; action: string; primary: boolean; }[] | null; timestamp: Date; dismissed: boolean; priority: number; }' is not assignable to type 'Notification'.
    Types of property 'type' are incompatible.
      Type 'string' is not assignable to type '"success" | "warning" | "info" | "urgent"'.
src/components/PriorityNotificationsPanel/PriorityNotificationsPanel.visual.property.test.tsx(160,13): error TS2322: Type '{ id: string; type: string; title: string; message: string; actionable: boolean; actions: { label: string; action: string; primary: boolean; }[]; timestamp: Date; dismissed: boolean; priority: number; }[]' is not assignable to type 'Notification[]'.
  Type '{ id: string; type: string; title: string; message: string; actionable: boolean; actions: { label: string; action: string; primary: boolean; }[]; timestamp: Date; dismissed: boolean; priority: number; }' is not assignable to type 'Notification'.
    Types of property 'type' are incompatible.
      Type 'string' is not assignable to type '"success" | "warning" | "info" | "urgent"'.
src/components/PriorityNotificationsPanel/PriorityNotificationsPanel.visual.property.test.tsx(199,13): error TS2322: Type '{ id: string; type: string; title: string; message: string; actionable: boolean; actions: { label: string; action: string; primary: boolean; }[] | null; timestamp: Date; dismissed: boolean; priority: number; }[]' is not assignable to type 'Notification[]'.
  Type '{ id: string; type: string; title: string; message: string; actionable: boolean; actions: { label: string; action: string; primary: boolean; }[] | null; timestamp: Date; dismissed: boolean; priority: number; }' is not assignable to type 'Notification'.
    Types of property 'type' are incompatible.
      Type 'string' is not assignable to type '"success" | "warning" | "info" | "urgent"'.
src/components/PriorityNotificationsPanel/PriorityNotificationsPanel.visual.property.test.tsx(250,30): error TS2339: Property 'value' does not exist on type 'Arbitrary<{ id: string; type: string; title: string; message: string; actionable: boolean; actions: { label: string; action: string; primary: boolean; }[] | null; timestamp: Date; dismissed: boolean; priority: number; }>'.
src/components/PriorityNotificationsPanel/PriorityNotificationsPanel.visual.property.test.tsx(259,13): error TS2322: Type '{}[]' is not assignable to type 'Notification[]'.
  Type '{}' is missing the following properties from type 'Notification': id, type, title, message, and 4 more.
src/components/QuickActionsPanel/QuickActionsPanel 2.tsx(43,10): error TS6133: 'audioChunks' is declared but its value is never read.
src/components/QuickActionsPanel/QuickActionsPanel 2.tsx(200,18): error TS6133: 'handleFocusAction' is declared but its value is never read.
src/components/QuickActionsPanel/QuickActionsPanel 2.tsx(421,39): error TS6133: 'index' is declared but its value is never read.
src/components/QuickActionsPanel/QuickActionsPanel.tsx(43,10): error TS6133: 'audioChunks' is declared but its value is never read.
src/components/QuickActionsPanel/QuickActionsPanel.tsx(200,18): error TS6133: 'handleFocusAction' is declared but its value is never read.
src/components/QuickActionsPanel/QuickActionsPanel.tsx(421,39): error TS6133: 'index' is declared but its value is never read.
src/components/RecentActivityStream/RecentActivityStream.property.test.tsx(2,18): error TS6133: 'screen' is declared but its value is never read.
src/components/RecentActivityStream/RecentActivityStream.property.test.tsx(4,1): error TS6133: 'React' is declared but its value is never read.
src/components/RecentActivityStream/RecentActivityStream.property.test.tsx(35,7): error TS2345: Argument of type 'Arbitrary<{ id: string; type: string; description: string; timestamp: Date; propertyAddress: string | null; dealName: string | null; contactName: string | null; relatedId: string | null; relatedType: string | null; }[]>' is not assignable to parameter of type 'Arbitrary<ActivityItem[]>'.
  Type '{ id: string; type: string; description: string; timestamp: Date; propertyAddress: string | null; dealName: string | null; contactName: string | null; relatedId: string | null; relatedType: string | null; }[]' is not assignable to type 'ActivityItem[]'.
    Type '{ id: string; type: string; description: string; timestamp: Date; propertyAddress: string | null; dealName: string | null; contactName: string | null; relatedId: string | null; relatedType: string | null; }' is not assignable to type 'ActivityItem'.
      Types of property 'type' are incompatible.
        Type 'string' is not assignable to type '"email" | "voice_note" | "deal_update" | "appointment" | "property_update" | "contact_update"'.
src/components/RecentActivityStream/RecentActivityStream.property.test.tsx(90,7): error TS2345: Argument of type 'Arbitrary<{ id: string; type: string; description: string; timestamp: Date; propertyAddress: string | null; dealName: string | null; contactName: string | null; relatedId: string | null; relatedType: string | null; }[]>' is not assignable to parameter of type 'Arbitrary<ActivityItem[]>'.
  Type '{ id: string; type: string; description: string; timestamp: Date; propertyAddress: string | null; dealName: string | null; contactName: string | null; relatedId: string | null; relatedType: string | null; }[]' is not assignable to type 'ActivityItem[]'.
    Type '{ id: string; type: string; description: string; timestamp: Date; propertyAddress: string | null; dealName: string | null; contactName: string | null; relatedId: string | null; relatedType: string | null; }' is not assignable to type 'ActivityItem'.
      Types of property 'type' are incompatible.
        Type 'string' is not assignable to type '"email" | "voice_note" | "deal_update" | "appointment" | "property_update" | "contact_update"'.
src/components/RecentActivityStream/RecentActivityStream.property.test.tsx(125,7): error TS2345: Argument of type 'Arbitrary<{ id: string; type: string; description: string; timestamp: Date; propertyAddress: string | null; dealName: string | null; contactName: string | null; relatedId: string | null; relatedType: string | null; }[]>' is not assignable to parameter of type 'Arbitrary<ActivityItem[]>'.
  Type '{ id: string; type: string; description: string; timestamp: Date; propertyAddress: string | null; dealName: string | null; contactName: string | null; relatedId: string | null; relatedType: string | null; }[]' is not assignable to type 'ActivityItem[]'.
    Type '{ id: string; type: string; description: string; timestamp: Date; propertyAddress: string | null; dealName: string | null; contactName: string | null; relatedId: string | null; relatedType: string | null; }' is not assignable to type 'ActivityItem'.
      Types of property 'type' are incompatible.
        Type 'string' is not assignable to type '"email" | "voice_note" | "deal_update" | "appointment" | "property_update" | "contact_update"'.
src/components/RecentActivityStream/RecentActivityStream.property.test.tsx(172,7): error TS2345: Argument of type 'Arbitrary<{ id: string; type: string; description: string; timestamp: Date; propertyAddress: string | null; dealName: string | null; contactName: string | null; relatedId: string | null; relatedType: string | null; }[]>' is not assignable to parameter of type 'Arbitrary<ActivityItem[]>'.
  Type '{ id: string; type: string; description: string; timestamp: Date; propertyAddress: string | null; dealName: string | null; contactName: string | null; relatedId: string | null; relatedType: string | null; }[]' is not assignable to type 'ActivityItem[]'.
    Type '{ id: string; type: string; description: string; timestamp: Date; propertyAddress: string | null; dealName: string | null; contactName: string | null; relatedId: string | null; relatedType: string | null; }' is not assignable to type 'ActivityItem'.
      Types of property 'type' are incompatible.
        Type 'string' is not assignable to type '"email" | "voice_note" | "deal_update" | "appointment" | "property_update" | "contact_update"'.
src/components/RecentActivityStream/RecentActivityStream.property.test.tsx(205,7): error TS2345: Argument of type 'Arbitrary<{ id: string; type: string; description: string; timestamp: Date; propertyAddress: string | null; dealName: string | null; contactName: string | null; relatedId: string | null; relatedType: string | null; }[]>' is not assignable to parameter of type 'Arbitrary<ActivityItem[]>'.
  Type '{ id: string; type: string; description: string; timestamp: Date; propertyAddress: string | null; dealName: string | null; contactName: string | null; relatedId: string | null; relatedType: string | null; }[]' is not assignable to type 'ActivityItem[]'.
    Type '{ id: string; type: string; description: string; timestamp: Date; propertyAddress: string | null; dealName: string | null; contactName: string | null; relatedId: string | null; relatedType: string | null; }' is not assignable to type 'ActivityItem'.
      Types of property 'type' are incompatible.
        Type 'string' is not assignable to type '"email" | "voice_note" | "deal_update" | "appointment" | "property_update" | "contact_update"'.
src/components/RecentActivityStream/RecentActivityStream.property.test.tsx(257,7): error TS2345: Argument of type 'Arbitrary<{ id: string; type: string; description: string; timestamp: Date; propertyAddress: string | null; dealName: string | null; contactName: string | null; relatedId: string | null; relatedType: string | null; }[]>' is not assignable to parameter of type 'Arbitrary<ActivityItem[]>'.
  Type '{ id: string; type: string; description: string; timestamp: Date; propertyAddress: string | null; dealName: string | null; contactName: string | null; relatedId: string | null; relatedType: string | null; }[]' is not assignable to type 'ActivityItem[]'.
    Type '{ id: string; type: string; description: string; timestamp: Date; propertyAddress: string | null; dealName: string | null; contactName: string | null; relatedId: string | null; relatedType: string | null; }' is not assignable to type 'ActivityItem'.
      Types of property 'type' are incompatible.
        Type 'string' is not assignable to type '"email" | "voice_note" | "deal_update" | "appointment" | "property_update" | "contact_update"'.
src/components/RecentActivityStream/RecentActivityStream.property.test.tsx(306,7): error TS2345: Argument of type 'Arbitrary<{ id: string; type: string; description: string; timestamp: Date; propertyAddress: string | null; dealName: string | null; contactName: string | null; relatedId: string | null; relatedType: string | null; }[]>' is not assignable to parameter of type 'Arbitrary<ActivityItem[]>'.
  Type '{ id: string; type: string; description: string; timestamp: Date; propertyAddress: string | null; dealName: string | null; contactName: string | null; relatedId: string | null; relatedType: string | null; }[]' is not assignable to type 'ActivityItem[]'.
    Type '{ id: string; type: string; description: string; timestamp: Date; propertyAddress: string | null; dealName: string | null; contactName: string | null; relatedId: string | null; relatedType: string | null; }' is not assignable to type 'ActivityItem'.
      Types of property 'type' are incompatible.
        Type 'string' is not assignable to type '"email" | "voice_note" | "deal_update" | "appointment" | "property_update" | "contact_update"'.
src/components/ReplyComposer/index.ts(1,55): error TS2614: Module '"./ReplyComposer"' has no exported member 'ReplyTemplate'. Did you mean to use 'import ReplyTemplate from "./ReplyComposer"' instead?
src/components/ReplyComposer/index.ts(1,75): error TS2614: Module '"./ReplyComposer"' has no exported member 'ReplyData'. Did you mean to use 'import ReplyData from "./ReplyComposer"' instead?
src/components/ReplyComposer/ReplyComposer.attach.test.tsx(49,15): error TS6133: 'fileInput' is declared but its value is never read.
src/components/ReplyComposer/ReplyComposer.attach.test.tsx(64,15): error TS6133: 'inputs' is declared but its value is never read.
src/components/ReplyComposer/ReplyComposer.property.test.tsx(2,24): error TS6133: 'expect' is declared but its value is never read.
src/components/ReplyComposer/ReplyComposer.property.test.tsx(3,18): error TS6133: 'screen' is declared but its value is never read.
src/components/ReplyComposer/ReplyComposer.property.test.tsx(6,30): error TS6133: 'Participant' is declared but its value is never read.
src/components/SmartMatchModal/SmartMatchModal.tsx(5,5): error TS6133: 'Search' is declared but its value is never read.
src/components/SmartMatchModal/SmartMatchModal.tsx(9,11): error TS6196: 'Contact' is declared but never used.
src/components/SyncStatusIndicator/SyncStatusIndicator.property.test.tsx(7,1): error TS6133: 'React' is declared but its value is never read.
src/components/SyncStatusIndicator/SyncStatusIndicator.property.test.tsx(59,42): error TS2345: Argument of type '{ syncQueue: Mock<Procedure>; updatePendingCount: Mock<Procedure>; isOnline: boolean; isSyncing: boolean; pendingActions: number; lastSyncTime: number; dataFreshness: string; unresolvedConflicts: number; }' is not assignable to parameter of type '{ syncQueue: (conflictStrategy?: ConflictResolutionStrategy) => Promise<void>; updatePendingCount: () => Promise<void>; checkConnectivity: () => Promise<void>; ... 5 more ...; unresolvedConflicts: number; }'.
  Property 'checkConnectivity' is missing in type '{ syncQueue: Mock<Procedure>; updatePendingCount: Mock<Procedure>; isOnline: boolean; isSyncing: boolean; pendingActions: number; lastSyncTime: number; dataFreshness: string; unresolvedConflicts: number; }' but required in type '{ syncQueue: (conflictStrategy?: ConflictResolutionStrategy) => Promise<void>; updatePendingCount: () => Promise<void>; checkConnectivity: () => Promise<void>; ... 5 more ...; unresolvedConflicts: number; }'.
src/components/SyncStatusIndicator/SyncStatusIndicator.property.test.tsx(67,15): error TS2322: Type 'string' is not assignable to type '"inline" | "top-right" | "bottom-right" | undefined'.
src/components/SyncStatusIndicator/SyncStatusIndicator.property.test.tsx(130,42): error TS2345: Argument of type '{ syncQueue: Mock<Procedure>; updatePendingCount: Mock<Procedure>; isOnline: boolean; isSyncing: boolean; pendingActions: number; lastSyncTime: number | null; dataFreshness: string; unresolvedConflicts: number; }' is not assignable to parameter of type '{ syncQueue: (conflictStrategy?: ConflictResolutionStrategy) => Promise<void>; updatePendingCount: () => Promise<void>; checkConnectivity: () => Promise<void>; ... 5 more ...; unresolvedConflicts: number; }'.
  Property 'checkConnectivity' is missing in type '{ syncQueue: Mock<Procedure>; updatePendingCount: Mock<Procedure>; isOnline: boolean; isSyncing: boolean; pendingActions: number; lastSyncTime: number | null; dataFreshness: string; unresolvedConflicts: number; }' but required in type '{ syncQueue: (conflictStrategy?: ConflictResolutionStrategy) => Promise<void>; updatePendingCount: () => Promise<void>; checkConnectivity: () => Promise<void>; ... 5 more ...; unresolvedConflicts: number; }'.
src/components/SyncStatusIndicator/SyncStatusIndicator.property.test.tsx(137,34): error TS2322: Type 'string' is not assignable to type '"inline" | "top-right" | "bottom-right" | undefined'.
src/components/SyncStatusIndicator/SyncStatusIndicator.property.test.tsx(188,38): error TS2345: Argument of type '{ syncQueue: Mock<Procedure>; updatePendingCount: Mock<Procedure>; isOnline: boolean; isSyncing: boolean; pendingActions: number; lastSyncTime: number; dataFreshness: "stale"; unresolvedConflicts: number; }' is not assignable to parameter of type '{ syncQueue: (conflictStrategy?: ConflictResolutionStrategy) => Promise<void>; updatePendingCount: () => Promise<void>; checkConnectivity: () => Promise<void>; ... 5 more ...; unresolvedConflicts: number; }'.
  Property 'checkConnectivity' is missing in type '{ syncQueue: Mock<Procedure>; updatePendingCount: Mock<Procedure>; isOnline: boolean; isSyncing: boolean; pendingActions: number; lastSyncTime: number; dataFreshness: "stale"; unresolvedConflicts: number; }' but required in type '{ syncQueue: (conflictStrategy?: ConflictResolutionStrategy) => Promise<void>; updatePendingCount: () => Promise<void>; checkConnectivity: () => Promise<void>; ... 5 more ...; unresolvedConflicts: number; }'.
src/components/SyncStatusIndicator/SyncStatusIndicator.property.test.tsx(217,42): error TS2345: Argument of type '{ syncQueue: Mock<Procedure>; updatePendingCount: Mock<Procedure>; isOnline: boolean; isSyncing: boolean; pendingActions: number; lastSyncTime: number | null; dataFreshness: string; unresolvedConflicts: number; }' is not assignable to parameter of type '{ syncQueue: (conflictStrategy?: ConflictResolutionStrategy) => Promise<void>; updatePendingCount: () => Promise<void>; checkConnectivity: () => Promise<void>; ... 5 more ...; unresolvedConflicts: number; }'.
  Property 'checkConnectivity' is missing in type '{ syncQueue: Mock<Procedure>; updatePendingCount: Mock<Procedure>; isOnline: boolean; isSyncing: boolean; pendingActions: number; lastSyncTime: number | null; dataFreshness: string; unresolvedConflicts: number; }' but required in type '{ syncQueue: (conflictStrategy?: ConflictResolutionStrategy) => Promise<void>; updatePendingCount: () => Promise<void>; checkConnectivity: () => Promise<void>; ... 5 more ...; unresolvedConflicts: number; }'.
src/components/SyncStatusIndicator/SyncStatusIndicator.property.test.tsx(224,34): error TS2322: Type 'string' is not assignable to type '"inline" | "top-right" | "bottom-right" | undefined'.
src/components/SyncStatusIndicator/SyncStatusIndicator.property.test.tsx(270,42): error TS2345: Argument of type '{ syncQueue: Mock<Procedure>; updatePendingCount: Mock<Procedure>; isOnline: boolean; isSyncing: boolean; pendingActions: number; lastSyncTime: null; dataFreshness: string; unresolvedConflicts: number; }' is not assignable to parameter of type '{ syncQueue: (conflictStrategy?: ConflictResolutionStrategy) => Promise<void>; updatePendingCount: () => Promise<void>; checkConnectivity: () => Promise<void>; ... 5 more ...; unresolvedConflicts: number; }'.
  Property 'checkConnectivity' is missing in type '{ syncQueue: Mock<Procedure>; updatePendingCount: Mock<Procedure>; isOnline: boolean; isSyncing: boolean; pendingActions: number; lastSyncTime: null; dataFreshness: string; unresolvedConflicts: number; }' but required in type '{ syncQueue: (conflictStrategy?: ConflictResolutionStrategy) => Promise<void>; updatePendingCount: () => Promise<void>; checkConnectivity: () => Promise<void>; ... 5 more ...; unresolvedConflicts: number; }'.
src/components/SyncStatusIndicator/SyncStatusIndicator.property.test.tsx(309,36): error TS2345: Argument of type '{ syncQueue: Mock<Procedure>; updatePendingCount: Mock<Procedure>; isOnline: boolean; isSyncing: boolean; pendingActions: number; lastSyncTime: number; dataFreshness: "fresh"; unresolvedConflicts: number; }' is not assignable to parameter of type '{ syncQueue: (conflictStrategy?: ConflictResolutionStrategy) => Promise<void>; updatePendingCount: () => Promise<void>; checkConnectivity: () => Promise<void>; ... 5 more ...; unresolvedConflicts: number; }'.
  Property 'checkConnectivity' is missing in type '{ syncQueue: Mock<Procedure>; updatePendingCount: Mock<Procedure>; isOnline: boolean; isSyncing: boolean; pendingActions: number; lastSyncTime: number; dataFreshness: "fresh"; unresolvedConflicts: number; }' but required in type '{ syncQueue: (conflictStrategy?: ConflictResolutionStrategy) => Promise<void>; updatePendingCount: () => Promise<void>; checkConnectivity: () => Promise<void>; ... 5 more ...; unresolvedConflicts: number; }'.
src/components/SyncStatusIndicator/SyncStatusIndicator.property.test.tsx(335,42): error TS2345: Argument of type '{ syncQueue: Mock<Procedure>; updatePendingCount: Mock<Procedure>; isOnline: boolean; isSyncing: boolean; pendingActions: number; lastSyncTime: number | null; dataFreshness: string; unresolvedConflicts: number; }' is not assignable to parameter of type '{ syncQueue: (conflictStrategy?: ConflictResolutionStrategy) => Promise<void>; updatePendingCount: () => Promise<void>; checkConnectivity: () => Promise<void>; ... 5 more ...; unresolvedConflicts: number; }'.
  Property 'checkConnectivity' is missing in type '{ syncQueue: Mock<Procedure>; updatePendingCount: Mock<Procedure>; isOnline: boolean; isSyncing: boolean; pendingActions: number; lastSyncTime: number | null; dataFreshness: string; unresolvedConflicts: number; }' but required in type '{ syncQueue: (conflictStrategy?: ConflictResolutionStrategy) => Promise<void>; updatePendingCount: () => Promise<void>; checkConnectivity: () => Promise<void>; ... 5 more ...; unresolvedConflicts: number; }'.
src/components/ThemeToggle/ThemeToggle.property.test.ts(5,18): error TS6133: 'screen' is declared but its value is never read.
src/components/ThemeToggle/ThemeToggle.property.test.ts(65,15): error TS2769: No overload matches this call.
  The last overload gave the following error.
    Type 'string' is not assignable to type '"day" | "night"'.
src/components/ThemeToggle/ThemeToggle.property.test.ts(111,15): error TS6133: 'transitionStartTime' is declared but its value is never read.
src/components/ThemeToggle/ThemeToggle.property.test.ts(112,15): error TS6133: 'transitionEndTime' is declared but its value is never read.
src/components/ThemeToggle/ThemeToggle.property.test.ts(120,15): error TS2769: No overload matches this call.
  The last overload gave the following error.
    Type 'string' is not assignable to type '"day" | "night"'.
src/components/ThemeToggle/ThemeToggle.property.test.ts(197,15): error TS2769: No overload matches this call.
  The last overload gave the following error.
    Type 'string' is not assignable to type '"day" | "night"'.
src/components/ThemeToggle/ThemeToggle.property.test.ts(236,15): error TS2769: No overload matches this call.
  The last overload gave the following error.
    Type 'string' is not assignable to type '"day" | "night"'.
src/components/ThreadCard/SwipeableThreadCard.tsx(159,11): error TS2322: Type '((threadId: string, action: "view" | "snooze" | "send_draft") => void) | undefined' is not assignable to type '((threadId: string, action: "view" | "snooze" | "send_draft" | "archive" | "mark_read" | "delete" | "forward" | "move_to") => void) | undefined'.
  Type '(threadId: string, action: "view" | "snooze" | "send_draft") => void' is not assignable to type '(threadId: string, action: "view" | "snooze" | "send_draft" | "archive" | "mark_read" | "delete" | "forward" | "move_to") => void'.
    Types of parameters 'action' and 'action' are incompatible.
      Type '"view" | "snooze" | "send_draft" | "archive" | "mark_read" | "delete" | "forward" | "move_to"' is not assignable to type '"view" | "snooze" | "send_draft"'.
        Type '"archive"' is not assignable to type '"view" | "snooze" | "send_draft"'.
src/components/ThreadCard/ThreadCard.animation-timing.property.test.tsx(10,24): error TS6133: 'expect' is declared but its value is never read.
src/components/ThreadCard/ThreadCard.animation-timing.property.test.tsx(11,18): error TS6133: 'fireEvent' is declared but its value is never read.
src/components/ThreadCard/ThreadCard.animation-timing.property.test.tsx(11,29): error TS6133: 'waitFor' is declared but its value is never read.
src/components/ThreadCard/ThreadCard.animation-timing.property.test.tsx(14,10): error TS6133: 'Thread' is declared but its value is never read.
src/components/ThreadCard/ThreadCard.animation-timing.property.test.tsx(95,15): error TS2739: Type '{ id: string; subject: string; summary: string; aiSummary: string | null; classification: ThreadClassification; riskLevel: RiskLevel; lastMessageAt: string; ... 5 more ...; draftResponse: string | null; }' is missing the following properties from type 'Thread': createdAt, messageCount, unreadCount
src/components/ThreadCard/ThreadCard.animation-timing.property.test.tsx(103,15): error TS2739: Type '{ id: string; subject: string; summary: string; aiSummary: string | null; classification: ThreadClassification; riskLevel: RiskLevel; lastMessageAt: string; ... 5 more ...; draftResponse: string | null; }' is missing the following properties from type 'Thread': createdAt, messageCount, unreadCount
src/components/ThreadCard/ThreadCard.animation-timing.property.test.tsx(130,25): error TS2739: Type '{ id: string; subject: string; summary: string; aiSummary: string | null; classification: ThreadClassification; riskLevel: RiskLevel; lastMessageAt: string; ... 5 more ...; draftResponse: string | null; }' is missing the following properties from type 'Thread': createdAt, messageCount, unreadCount
src/components/ThreadCard/ThreadCard.animation-timing.property.test.tsx(156,15): error TS2739: Type '{ id: string; subject: string; summary: string; aiSummary: string | null; classification: ThreadClassification; riskLevel: RiskLevel; lastMessageAt: string; ... 5 more ...; draftResponse: string | null; }' is missing the following properties from type 'Thread': createdAt, messageCount, unreadCount
src/components/ThreadCard/ThreadCard.animation-timing.property.test.tsx(196,15): error TS2739: Type '{ id: string; subject: string; summary: string; aiSummary: string | null; classification: ThreadClassification; riskLevel: RiskLevel; lastMessageAt: string; ... 5 more ...; draftResponse: string | null; }' is missing the following properties from type 'Thread': createdAt, messageCount, unreadCount
src/components/ThreadCard/ThreadCard.animation-timing.property.test.tsx(241,15): error TS2739: Type '{ id: string; subject: string; summary: string; aiSummary: string | null; classification: ThreadClassification; riskLevel: RiskLevel; lastMessageAt: string; ... 5 more ...; draftResponse: string | null; }' is missing the following properties from type 'Thread': createdAt, messageCount, unreadCount
src/components/ThreadCard/ThreadCard.blur-prevention.property.test.tsx(15,10): error TS6133: 'Thread' is declared but its value is never read.
src/components/ThreadCard/ThreadCard.blur-prevention.property.test.tsx(60,72): error TS2551: Property 'webkitBackdropFilter' does not exist on type 'CSSStyleDeclaration'. Did you mean 'backdropFilter'?
src/components/ThreadCard/ThreadCard.blur-prevention.property.test.tsx(71,40): error TS2304: Cannot find name 'vi'.
src/components/ThreadCard/ThreadCard.blur-prevention.property.test.tsx(75,15): error TS2739: Type '{ id: string; subject: string; summary: string; aiSummary: string | null; classification: ThreadClassification; riskLevel: RiskLevel; lastMessageAt: string; ... 5 more ...; draftResponse: string | null; }' is missing the following properties from type 'Thread': createdAt, messageCount, unreadCount
src/components/ThreadCard/ThreadCard.blur-prevention.property.test.tsx(106,15): error TS2739: Type '{ id: string; subject: string; summary: string; aiSummary: string | null; classification: ThreadClassification; riskLevel: RiskLevel; lastMessageAt: string; ... 5 more ...; draftResponse: string | null; }' is missing the following properties from type 'Thread': createdAt, messageCount, unreadCount
src/components/ThreadCard/ThreadCard.blur-prevention.property.test.tsx(118,15): error TS2739: Type '{ id: string; subject: string; summary: string; aiSummary: string | null; classification: ThreadClassification; riskLevel: RiskLevel; lastMessageAt: string; ... 5 more ...; draftResponse: string | null; }' is missing the following properties from type 'Thread': createdAt, messageCount, unreadCount
src/components/ThreadCard/ThreadCard.blur-prevention.property.test.tsx(146,19): error TS2739: Type '{ id: string; subject: string; summary: string; aiSummary: string | null; classification: ThreadClassification; riskLevel: RiskLevel; lastMessageAt: string; ... 5 more ...; draftResponse: string | null; }' is missing the following properties from type 'Thread': createdAt, messageCount, unreadCount
src/components/ThreadCard/ThreadCard.blur-prevention.property.test.tsx(172,15): error TS2739: Type '{ id: string; subject: string; summary: string; aiSummary: string | null; classification: ThreadClassification; riskLevel: RiskLevel; lastMessageAt: string; ... 5 more ...; draftResponse: string | null; }' is missing the following properties from type 'Thread': createdAt, messageCount, unreadCount
src/components/ThreadPreviewPanel/index.ts(3,16): error TS2304: Cannot find name 'ThreadPreviewPanel'.
src/components/VoiceRecorder/VoiceRecorder.property.test.ts(44,22): error TS2540: Cannot assign to 'mediaDevices' because it is a read-only property.
src/components/VoiceRecorder/VoiceRecorder.property.test.ts(400,10): error TS6133: 'duration' is declared but its value is never read.
src/components/VoiceRecorder/VoiceRecorder.property.test.ts(425,10): error TS6133: 'textContent' is declared but its value is never read.
src/components/VoiceRecorder/VoiceRecorder.tsx(27,3): error TS6133: 'onTranscriptionReceived' is declared but its value is never read.
src/components/VoiceRecorder/VoiceRecorder.tsx(28,3): error TS6133: 'onEntitiesExtracted' is declared but its value is never read.
src/components/WeatherTimeWidget/WeatherTimeWidget.property.test.tsx(1,1): error TS6133: 'React' is declared but its value is never read.
src/components/WeatherTimeWidget/WeatherTimeWidget.property.test.tsx(3,18): error TS6133: 'screen' is declared but its value is never read.
src/components/WeatherTimeWidget/WeatherTimeWidget.property.test.tsx(3,26): error TS6133: 'waitFor' is declared but its value is never read.
src/components/WeatherTimeWidget/WeatherTimeWidget.property.test.tsx(150,70): error TS6133: 'success' is declared but its value is never read.
src/components/WeatherTimeWidget/WeatherTimeWidget.property.test.tsx(178,62): error TS6133: 'success' is declared but its value is never read.
src/components/WeatherTimeWidget/WeatherTimeWidget.property.test.tsx(238,72): error TS6133: 'success' is declared but its value is never read.
src/components/WeatherTimeWidget/WeatherTimeWidget.property.test.tsx(243,72): error TS6133: 'success' is declared but its value is never read.
src/components/ZenaAvatar/GodotAvatar.tsx(1,25): error TS6133: 'useCallback' is declared but its value is never read.
src/components/ZenaAvatar/GodotAvatar.tsx(1,38): error TS6133: 'useEffect' is declared but its value is never read.
src/components/ZenaAvatar/ZenaAvatar.property.test.ts(45,10): error TS6133: 'parseGradientColors' is declared but its value is never read.
src/components/ZenaAvatar/ZenaAvatar.property.test.ts(150,41): error TS6133: 'size' is declared but its value is never read.
src/components/ZenaAvatar/ZenaAvatar.property.test.ts(168,42): error TS6133: 'state' is declared but its value is never read.
src/components/ZenaAvatar/ZenaAvatar.state.property.test.ts(86,7): error TS6133: 'intensityGenerator' is declared but its value is never read.
src/components/ZenaAvatar/ZenaAvatar.state.property.test.ts(102,10): error TS6133: 'getExpectedAnimationDuration' is declared but its value is never read.
src/hooks/useAsyncOperation.ts(56,20): error TS2554: Expected 0 arguments, but got 1.
src/hooks/useContactIntelligence 2.ts(2,1): error TS6133: 'EngagementScore' is declared but its value is never read.
src/hooks/useContactIntelligence 2.ts(26,12): error TS6133: 'socket' is declared but its value is never read.
src/hooks/useContactIntelligence.ts(2,1): error TS6133: 'EngagementScore' is declared but its value is never read.
src/hooks/useContactIntelligence.ts(36,12): error TS6133: 'socket' is declared but its value is never read.
src/hooks/useFilterState.property.test.ts(15,27): error TS6133: 'waitFor' is declared but its value is never read.
src/hooks/useFilterState.property.test.ts(23,7): error TS6133: 'filterTypeArb' is declared but its value is never read.
src/hooks/useFilterState.property.test.ts(23,77): error TS2345: Argument of type '"market"' is not assignable to parameter of type 'FilterType'.
src/hooks/useFilterState.property.test.ts(100,58): error TS2345: Argument of type '"market"' is not assignable to parameter of type 'FilterType'.
src/hooks/useFilterState.property.test.ts(161,58): error TS2345: Argument of type '"market"' is not assignable to parameter of type 'FilterType'.
src/hooks/useFilterState.property.test.ts(430,27): error TS2339: Property 'market' does not exist on type 'Record<FilterType, number>'.
src/hooks/useFilterState.property.test.ts(431,27): error TS2339: Property 'lawyer_broker' does not exist on type 'Record<FilterType, number>'.
src/hooks/useKeyboardNavigation.crash.test.ts(7,46): error TS2339: Property 'SpeechRecognition' does not exist on type 'Window & typeof globalThis'.
src/hooks/useOffline.ts(8,3): error TS6133: 'processSyncQueue' is declared but its value is never read.
src/hooks/usePersonalization.property.test.ts(6,44): error TS6133: 'PersonalizationPreferences' is declared but its value is never read.
src/hooks/usePersonalization.property.test.ts(75,17): error TS2322: Type 'string | null' is not assignable to type '"high" | "medium" | "low" | undefined'.
  Type 'null' is not assignable to type '"high" | "medium" | "low" | undefined'.
src/hooks/usePersonalization.property.test.ts(132,17): error TS2322: Type 'string | null' is not assignable to type '"high" | "medium" | "low" | undefined'.
  Type 'null' is not assignable to type '"high" | "medium" | "low" | undefined'.
src/hooks/usePersonalization.property.test.ts(215,21): error TS2322: Type 'string' is not assignable to type '"night" | "morning" | "afternoon" | "evening"'.
src/hooks/usePersonalization.property.test.ts(260,17): error TS2322: Type 'string | null' is not assignable to type '"high" | "medium" | "low" | undefined'.
  Type 'null' is not assignable to type '"high" | "medium" | "low" | undefined'.
src/hooks/usePersonalization.property.test.ts(266,17): error TS6133: 'preferences1' is declared but its value is never read.
src/hooks/usePersonalization.property.test.ts(267,17): error TS6133: 'usagePatterns1' is declared but its value is never read.
src/hooks/usePersonalization.property.test.ts(305,14): error TS6133: 'emptyPatterns' is declared but its value is never read.
src/hooks/usePersonalization.property.test.ts(358,17): error TS2322: Type 'string | null' is not assignable to type '"high" | "medium" | "low" | undefined'.
  Type 'null' is not assignable to type '"high" | "medium" | "low" | undefined'.
src/hooks/useReplyComposer.property.test.ts(15,18): error TS6133: 'ReplyData' is declared but its value is never read.
src/hooks/useReplyComposer.property.test.ts(59,7): error TS6133: 'threadArb' is declared but its value is never read.
src/hooks/useReplyComposer.property.test.ts(79,7): error TS6133: 'replyDataArb' is declared but its value is never read.
src/hooks/useReplyComposer.property.test.ts(90,7): error TS6133: 'validReplyDataArb' is declared but its value is never read.
src/hooks/useReplyComposer.property.test.ts(101,7): error TS6133: 'invalidReplyDataArb' is declared but its value is never read.
src/hooks/useReplyComposer.property.test.ts(136,27): error TS2339: Property 'templates' does not exist on type 'UseReplyComposerReturn'.
src/hooks/useReplyComposer.property.test.ts(137,27): error TS2339: Property 'templatesLoading' does not exist on type 'UseReplyComposerReturn'.
src/hooks/useResponsive.ts(1,31): error TS6133: 'useCallback' is declared but its value is never read.
src/hooks/useThreadActions.property.test.ts(14,27): error TS6133: 'waitFor' is declared but its value is never read.
src/hooks/useVoiceInteraction.property.test.ts(38,16): error TS6133: 'transcript' is declared but its value is never read.
src/hooks/useVoiceInteraction.ts(67,11): error TS2353: Object literal may only specify known properties, and 'signal' does not exist in type 'Omit<ApiRequestOptions, "body" | "method">'.
src/hooks/useVoiceInteraction.ts(131,11): error TS2353: Object literal may only specify known properties, and 'signal' does not exist in type 'Omit<ApiRequestOptions, "body" | "method">'.
src/models/newPage.types.property.test.ts(10,24): error TS6133: 'expect' is declared but its value is never read.
src/pages/AskZenaPage/AskZena.properties.test.tsx(2,1): error TS6133: 'fc' is declared but its value is never read.
src/pages/AskZenaPage/AskZena.properties.test.tsx(63,21): error TS6133: 'queryByTestId' is declared but its value is never read.
src/pages/AskZenaPage/AskZena.properties.test.tsx(75,19): error TS6133: 'avatar' is declared but its value is never read.
src/pages/AskZenaPage/AskZenaPage.tsx(1000,41): error TS2322: Type '{ role: "system"; content: string; }' is not assignable to type '{ role: "user" | "assistant"; content: string; }'.
  Types of property 'role' are incompatible.
    Type '"system"' is not assignable to type '"user" | "assistant"'.
src/pages/AvatarDemoPage/AvatarDemoPage.tsx(3,32): error TS2307: Cannot find module '../../components/ZenaAnimated2D' or its corresponding type declarations.
src/pages/AvatarDemoPage/AvatarDemoPage.tsx(4,49): error TS2307: Cannot find module '../../components/ZenaAnimated2D/constants' or its corresponding type declarations.
src/pages/AvatarDemoPage/AvatarDemoPage.tsx(63,30): error TS2345: Argument of type 'unknown' is not assignable to parameter of type 'SetStateAction<string>'.
src/pages/AvatarDemoPage/AvatarDemoPage.tsx(158,122): error TS7006: Parameter 'expr' implicitly has an 'any' type.
src/pages/AvatarDemoPage/AvatarDemoPage.tsx(182,62): error TS2345: Argument of type 'unknown' is not assignable to parameter of type 'SetStateAction<string>'.
src/pages/ContactDetailPage/ContactDetailPage 2.tsx(34,3): error TS6133: 'EngagementScore' is declared but its value is never read.
src/pages/ContactDetailPage/ContactDetailPage 2.tsx(35,3): error TS6133: 'ContactRole' is declared but its value is never read.
src/pages/ContactDetailPage/ContactDetailPage 2.tsx(36,3): error TS6133: 'DealStage' is declared but its value is never read.
src/pages/ContactDetailPage/ContactDetailPage 2.tsx(41,11): error TS6196: 'RelationshipNote' is declared but never used.
src/pages/ContactDetailPage/ContactDetailPage 2.tsx(106,10): error TS6133: 'isTranscribing' is declared but its value is never read.
src/pages/ContactDetailPage/ContactDetailPage.tsx(36,3): error TS6133: 'EngagementScore' is declared but its value is never read.
src/pages/ContactDetailPage/ContactDetailPage.tsx(37,3): error TS6133: 'ContactRole' is declared but its value is never read.
src/pages/ContactDetailPage/ContactDetailPage.tsx(38,3): error TS6133: 'DealStage' is declared but its value is never read.
src/pages/ContactDetailPage/ContactDetailPage.tsx(43,11): error TS6196: 'RelationshipNote' is declared but never used.
src/pages/ContactDetailPage/ContactDetailPage.tsx(119,10): error TS6133: 'isTranscribing' is declared but its value is never read.
src/pages/ContactsPage/ContactsPage 3.tsx(19,3): error TS6133: 'Send' is declared but its value is never read.
src/pages/ContactsPage/ContactsPage 3.tsx(35,3): error TS6133: 'ContactRole' is declared but its value is never read.
src/pages/ContactsPage/ContactsPage 3.tsx(127,70): error TS6133: 'isConnected' is declared but its value is never read.
src/pages/ContactsPage/ContactsPage 3.tsx(141,15): error TS2322: Type 'string' is not assignable to type 'ContactRole'.
src/pages/ContactsPage/ContactsPage 3.tsx(147,16): error TS2345: Argument of type '`Synchronized ${number} records with Zena brain`' is not assignable to parameter of type 'ToastType'.
src/pages/ContactsPage/ContactsPage 3.tsx(165,10): error TS6133: 'lastSelectedId' is declared but its value is never read.
src/pages/ContactsPage/ContactsPage 3.tsx(165,26): error TS6133: 'setLastSelectedId' is declared but its value is never read.
src/pages/ContactsPage/ContactsPage 3.tsx(213,41): error TS6133: 'batchAnalyze' is declared but its value is never read.
src/pages/ContactsPage/ContactsPage 3.tsx(214,21): error TS6133: 'godmodeSettings' is declared but its value is never read.
src/pages/ContactsPage/ContactsPage 3.tsx(236,75): error TS2339: Property 'dealStage' does not exist on type 'Contact'.
src/pages/ContactsPage/ContactsPage 3.tsx(241,77): error TS2339: Property 'dealStage' does not exist on type 'Contact'.
src/pages/ContactsPage/ContactsPage 3.tsx(248,16): error TS2345: Argument of type '"Updated engagement for contact"' is not assignable to parameter of type 'ToastType'.
src/pages/ContactsPage/ContactsPage 3.tsx(255,19): error TS2345: Argument of type '(prevContacts: Contact[]) => (Contact | { zenaCategory: any; intelligenceSnippet: string | undefined; role: string; id: string; name: string; emails: string[]; phones: string[]; ... 9 more ...; zenaIntelligence?: { ...; } | undefined; })[]' is not assignable to parameter of type 'SetStateAction<Contact[]>'.
  Type '(prevContacts: Contact[]) => (Contact | { zenaCategory: any; intelligenceSnippet: string | undefined; role: string; id: string; name: string; emails: string[]; phones: string[]; ... 9 more ...; zenaIntelligence?: { ...; } | undefined; })[]' is not assignable to type '(prevState: Contact[]) => Contact[]'.
    Type '(Contact | { zenaCategory: any; intelligenceSnippet: string | undefined; role: string; id: string; name: string; emails: string[]; phones: string[]; deals?: any[] | undefined; relationshipNotes?: any[] | undefined; ... 7 more ...; zenaIntelligence?: { ...; } | undefined; })[]' is not assignable to type 'Contact[]'.
      Type 'Contact | { zenaCategory: any; intelligenceSnippet: string | undefined; role: string; id: string; name: string; emails: string[]; phones: string[]; deals?: any[] | undefined; relationshipNotes?: any[] | undefined; ... 7 more ...; zenaIntelligence?: { ...; } | undefined; }' is not assignable to type 'Contact'.
        Type '{ zenaCategory: any; intelligenceSnippet: string | undefined; role: string; id: string; name: string; emails: string[]; phones: string[]; deals?: any[]; relationshipNotes?: any[]; engagementReasoning?: string; ... 6 more ...; zenaIntelligence?: { propertyType?: string; minBudget?: number; maxBudget?: number; locatio...' is not assignable to type 'Contact'.
          Types of property 'role' are incompatible.
            Type 'string' is not assignable to type 'ContactRole'.
src/pages/ContactsPage/ContactsPage 3.tsx(266,16): error TS2345: Argument of type '`Contact re-categorized as ${string}`' is not assignable to parameter of type 'ToastType'.
src/pages/ContactsPage/ContactsPage 3.tsx(347,18): error TS2345: Argument of type '"Contact added to Zena Brain successfully."' is not assignable to parameter of type 'ToastType'.
src/pages/ContactsPage/ContactsPage 3.tsx(352,16): error TS2345: Argument of type '"System failed to persist contact record."' is not assignable to parameter of type 'ToastType'.
src/pages/ContactsPage/ContactsPage 3.tsx(415,66): error TS2339: Property 'dealStage' does not exist on type 'Contact'.
src/pages/ContactsPage/ContactsPage 3.tsx(435,38): error TS2339: Property 'dealStage' does not exist on type 'Contact'.
src/pages/ContactsPage/ContactsPage 3.tsx(476,14): error TS2345: Argument of type '"Contacting Zena brain for neural synchronization..."' is not assignable to parameter of type 'ToastType'.
src/pages/ContactsPage/ContactsPage 3.tsx(518,16): error TS2345: Argument of type '`Successfully applied intelligence to ${number} records.`' is not assignable to parameter of type 'ToastType'.
src/pages/ContactsPage/ContactsPage 3.tsx(524,16): error TS2345: Argument of type '"System failed to apply batch intelligence."' is not assignable to parameter of type 'ToastType'.
src/pages/ContactsPage/ContactsPage 3.tsx(541,16): error TS2345: Argument of type '`Successfully purged ${number} contact record.` | `Successfully purged ${number} contact records.`' is not assignable to parameter of type 'ToastType'.
  Type '`Successfully purged ${number} contact record.`' is not assignable to type 'ToastType'.
src/pages/ContactsPage/ContactsPage 3.tsx(545,16): error TS2345: Argument of type '"System failed to execute bulk purge. Please try again."' is not assignable to parameter of type 'ToastType'.
src/pages/ContactsPage/ContactsPage 3.tsx(935,38): error TS2339: Property 'zenaCategory' does not exist on type 'Contact'.
src/pages/ContactsPage/ContactsPage 3.tsx(935,62): error TS2339: Property 'zenaCategory' does not exist on type 'Contact'.
src/pages/ContactsPage/ContactsPage 3.tsx(938,85): error TS2339: Property 'zenaCategory' does not exist on type 'Contact'.
src/pages/ContactsPage/ContactsPage 3.tsx(939,70): error TS2339: Property 'zenaCategory' does not exist on type 'Contact'.
src/pages/ContactsPage/ContactsPage 3.tsx(941,64): error TS2339: Property 'zenaCategory' does not exist on type 'Contact'.
src/pages/ContactsPage/ContactsPage.tsx(19,3): error TS6133: 'Send' is declared but its value is never read.
src/pages/ContactsPage/ContactsPage.tsx(36,3): error TS6133: 'ContactRole' is declared but its value is never read.
src/pages/ContactsPage/ContactsPage.tsx(137,70): error TS6133: 'isConnected' is declared but its value is never read.
src/pages/ContactsPage/ContactsPage.tsx(151,15): error TS2322: Type 'string' is not assignable to type 'ContactRole'.
src/pages/ContactsPage/ContactsPage.tsx(157,16): error TS2345: Argument of type '`Synchronized ${number} records with Zena brain`' is not assignable to parameter of type 'ToastType'.
src/pages/ContactsPage/ContactsPage.tsx(189,18): error TS2345: Argument of type '`Discovery complete for ${string}`' is not assignable to parameter of type 'ToastType'.
src/pages/ContactsPage/ContactsPage.tsx(208,10): error TS6133: 'lastSelectedId' is declared but its value is never read.
src/pages/ContactsPage/ContactsPage.tsx(208,26): error TS6133: 'setLastSelectedId' is declared but its value is never read.
src/pages/ContactsPage/ContactsPage.tsx(302,75): error TS2339: Property 'dealStage' does not exist on type 'Contact'.
src/pages/ContactsPage/ContactsPage.tsx(308,77): error TS2339: Property 'dealStage' does not exist on type 'Contact'.
src/pages/ContactsPage/ContactsPage.tsx(316,16): error TS2345: Argument of type '"Updated engagement for contact"' is not assignable to parameter of type 'ToastType'.
src/pages/ContactsPage/ContactsPage.tsx(325,19): error TS2345: Argument of type '(prevContacts: Contact[]) => (Contact | { zenaCategory: any; intelligenceSnippet: string | undefined; role: string; id: string; name: string; emails: string[]; phones: string[]; ... 9 more ...; zenaIntelligence?: { ...; } | undefined; })[]' is not assignable to parameter of type 'SetStateAction<Contact[]>'.
  Type '(prevContacts: Contact[]) => (Contact | { zenaCategory: any; intelligenceSnippet: string | undefined; role: string; id: string; name: string; emails: string[]; phones: string[]; ... 9 more ...; zenaIntelligence?: { ...; } | undefined; })[]' is not assignable to type '(prevState: Contact[]) => Contact[]'.
    Type '(Contact | { zenaCategory: any; intelligenceSnippet: string | undefined; role: string; id: string; name: string; emails: string[]; phones: string[]; deals?: any[] | undefined; relationshipNotes?: any[] | undefined; ... 7 more ...; zenaIntelligence?: { ...; } | undefined; })[]' is not assignable to type 'Contact[]'.
      Type 'Contact | { zenaCategory: any; intelligenceSnippet: string | undefined; role: string; id: string; name: string; emails: string[]; phones: string[]; deals?: any[] | undefined; relationshipNotes?: any[] | undefined; ... 7 more ...; zenaIntelligence?: { ...; } | undefined; }' is not assignable to type 'Contact'.
        Type '{ zenaCategory: any; intelligenceSnippet: string | undefined; role: string; id: string; name: string; emails: string[]; phones: string[]; deals?: any[]; relationshipNotes?: any[]; engagementReasoning?: string; ... 6 more ...; zenaIntelligence?: { propertyType?: string; minBudget?: number; maxBudget?: number; locatio...' is not assignable to type 'Contact'.
          Types of property 'role' are incompatible.
            Type 'string' is not assignable to type 'ContactRole'.
src/pages/ContactsPage/ContactsPage.tsx(336,16): error TS2345: Argument of type '`Contact categorized as ${string}`' is not assignable to parameter of type 'ToastType'.
src/pages/ContactsPage/ContactsPage.tsx(419,18): error TS2345: Argument of type '"Contact added to Zena Brain successfully."' is not assignable to parameter of type 'ToastType'.
src/pages/ContactsPage/ContactsPage.tsx(424,16): error TS2345: Argument of type '"System failed to persist contact record."' is not assignable to parameter of type 'ToastType'.
src/pages/ContactsPage/ContactsPage.tsx(487,66): error TS2339: Property 'dealStage' does not exist on type 'Contact'.
src/pages/ContactsPage/ContactsPage.tsx(508,38): error TS2339: Property 'dealStage' does not exist on type 'Contact'.
src/pages/ContactsPage/ContactsPage.tsx(541,42): error TS7006: Parameter 'c' implicitly has an 'any' type.
src/pages/ContactsPage/ContactsPage.tsx(556,14): error TS2345: Argument of type '"Contacting Zena brain for neural synchronization..."' is not assignable to parameter of type 'ToastType'.
src/pages/ContactsPage/ContactsPage.tsx(598,16): error TS2345: Argument of type '`Successfully applied intelligence to ${number} records.`' is not assignable to parameter of type 'ToastType'.
src/pages/ContactsPage/ContactsPage.tsx(604,16): error TS2345: Argument of type '"System failed to apply batch intelligence."' is not assignable to parameter of type 'ToastType'.
src/pages/ContactsPage/ContactsPage.tsx(621,16): error TS2345: Argument of type '`Successfully purged ${number} contact record.` | `Successfully purged ${number} contact records.`' is not assignable to parameter of type 'ToastType'.
  Type '`Successfully purged ${number} contact record.`' is not assignable to type 'ToastType'.
src/pages/ContactsPage/ContactsPage.tsx(625,16): error TS2345: Argument of type '"System failed to execute bulk purge. Please try again."' is not assignable to parameter of type 'ToastType'.
src/pages/ContactsPage/ContactsPage.tsx(656,35): error TS2339: Property 'zenaCategory' does not exist on type 'Contact'.
src/pages/ContactsPage/ContactsPage.tsx(1169,38): error TS2339: Property 'zenaCategory' does not exist on type 'Contact'.
src/pages/ContactsPage/ContactsPage.tsx(1169,62): error TS2339: Property 'zenaCategory' does not exist on type 'Contact'.
src/pages/ContactsPage/ContactsPage.tsx(1172,85): error TS2339: Property 'zenaCategory' does not exist on type 'Contact'.
src/pages/ContactsPage/ContactsPage.tsx(1173,70): error TS2339: Property 'zenaCategory' does not exist on type 'Contact'.
src/pages/ContactsPage/ContactsPage.tsx(1175,64): error TS2339: Property 'zenaCategory' does not exist on type 'Contact'.
src/pages/DealFlowPage/DealFlowPage 2.tsx(2,10): error TS2305: Module '"../../components/DealFlow"' has no exported member 'KanbanBoard'.
src/pages/DealFlowPage/DealFlowPage 2.tsx(2,23): error TS2305: Module '"../../components/DealFlow"' has no exported member 'FilterChips'.
src/pages/DealFlowPage/DealFlowPage 2.tsx(2,36): error TS2305: Module '"../../components/DealFlow"' has no exported member 'FilterType'.
src/pages/DealFlowPage/DealFlowPage 2.tsx(2,116): error TS2305: Module '"../../components/DealFlow"' has no exported member 'RevenueForecast'.
src/pages/DealFlowPage/DealFlowPage.tsx(23,9): error TS2741: Property 'id' is missing in type '{ address: string; }' but required in type '{ id: string; address: string; }'.
src/pages/DealFlowPage/DealFlowPage.tsx(44,9): error TS2741: Property 'id' is missing in type '{ address: string; }' but required in type '{ id: string; address: string; }'.
src/pages/DealFlowPage/DealFlowPage.tsx(68,9): error TS2741: Property 'id' is missing in type '{ address: string; }' but required in type '{ id: string; address: string; }'.
src/pages/DealFlowPage/DealFlowPage.tsx(72,13): error TS2739: Type '{ type: "building_report"; status: "pending"; dueDate: string; }' is missing the following properties from type 'DealCondition': id, label
src/pages/DealFlowPage/DealFlowPage.tsx(84,9): error TS2741: Property 'id' is missing in type '{ address: string; }' but required in type '{ id: string; address: string; }'.
src/pages/DealFlowPage/DealFlowPage.tsx(97,9): error TS2741: Property 'id' is missing in type '{ address: string; }' but required in type '{ id: string; address: string; }'.
src/pages/DealFlowPage/DealFlowPage.tsx(123,9): error TS2741: Property 'id' is missing in type '{ address: string; }' but required in type '{ id: string; address: string; }'.
src/pages/DealFlowPage/DealFlowPage.tsx(146,9): error TS2741: Property 'id' is missing in type '{ address: string; }' but required in type '{ id: string; address: string; }'.
src/pages/DealFlowPage/DealFlowPage.tsx(165,9): error TS2741: Property 'id' is missing in type '{ address: string; }' but required in type '{ id: string; address: string; }'.
src/pages/DealFlowPage/DealFlowPage.tsx(169,67): error TS2322: Type 'number' is not assignable to type 'string[]'.
src/pages/DealFlowPage/DealFlowPage.tsx(170,69): error TS2322: Type 'number' is not assignable to type 'string[]'.
src/pages/DealFlowPage/DealFlowPage.tsx(170,84): error TS2322: Type '"pending"' is not assignable to type '"submitted" | "under_review" | "countered" | "accepted" | "rejected"'.
src/pages/DealFlowPage/DealFlowPage.tsx(181,9): error TS2741: Property 'id' is missing in type '{ address: string; }' but required in type '{ id: string; address: string; }'.
src/pages/DealFlowPage/DealFlowPage.tsx(254,29): error TS2353: Object literal may only specify known properties, and 'id' does not exist in type 'PipelineColumn'.
src/pages/DealFlowPage/DealFlowPage.tsx(255,17): error TS2739: Type '{ totalDeals: number; totalValue: number; }' is missing the following properties from type '{ totalDeals: number; totalValue: number; totalCommission: number; atRiskCount: number; overdueCount: number; todayCount: number; }': totalCommission, atRiskCount, overdueCount, todayCount
src/pages/EnhancedHomeDashboard/EnhancedHomeDashboard.tsx(46,5): error TS6133: 'calculateWidgetPriority' is declared but its value is never read.
src/pages/EnhancedHomeDashboard/EnhancedHomeDashboard.tsx(333,39): error TS2488: Type 'any[] | undefined' must have a '[Symbol.iterator]()' method that returns an iterator.
src/pages/EnhancedHomeDashboard/EnhancedHomeDashboard.tsx(708,5): error TS6133: 'handleVoiceCommand' is declared but its value is never read.
src/pages/EnhancedHomeDashboard/EnhancedHomeDashboard.tsx(983,11): error TS2322: Type 'EffectiveTheme' is not assignable to type '"day" | "night"'.
  Type '"high-tech"' is not assignable to type '"day" | "night"'.
src/pages/EnhancedHomeDashboard/EnhancedHomeDashboard.tsx(1042,50): error TS2339: Property 'notifications' does not exist on type '{ focusThreadsCount: number; waitingThreadsCount: number; atRiskDealsCount: number; upcomingAppointments: AppointmentSummary[]; urgencyLevel: "high" | "medium" | "low"; }'.
src/pages/EnhancedHomeDashboard/EnhancedHomeDashboard.tsx(1050,22): error TS7006: Parameter 'a' implicitly has an 'any' type.
src/pages/EnhancedHomeDashboard/EnhancedHomeDashboard.tsx(1050,25): error TS7006: Parameter 'b' implicitly has an 'any' type.
src/pages/EnhancedHomeDashboard/EnhancedHomeDashboard.tsx(1051,20): error TS7006: Parameter 'widget' implicitly has an 'any' type.
src/pages/HighTechDashboardPage/HighTechDashboardPage 2.tsx(253,9): error TS2322: Type '{ userName: string; focusThreadsCount: number; waitingThreadsCount: number; atRiskDealsCount: number; activeTasksCount: number; alerts: PriorityAlert[]; appointments: CalendarAppointment[]; ... 7 more ...; onActivityClick: (activity: ActivityItem) => void; }' is not assignable to type 'IntrinsicAttributes & HighTechDashboardProps'.
  Property 'alerts' does not exist on type 'IntrinsicAttributes & HighTechDashboardProps'.
src/pages/InboxPage/InboxPage.tsx(13,1): error TS6133: 'WaitingPage' is declared but its value is never read.
src/pages/NewPage/index.ts(6,16): error TS2304: Cannot find name 'NewPage'.
src/pages/NewPage/NewPage.crossbrowser.test.tsx(5,29): error TS6133: 'waitFor' is declared but its value is never read.
src/pages/NewPage/NewPage.crossbrowser.test.tsx(62,5): error TS2741: Property 'id' is missing in type '{ name: string; email: string; avatarUrl: undefined; }' but required in type 'Participant'.
src/pages/NewPage/NewPage.crossbrowser.test.tsx(216,13): error TS6133: 'computedStyle' is declared but its value is never read.
src/pages/NewPage/NewPage.integration.test.tsx(13,1): error TS6133: 'React' is declared but its value is never read.
src/pages/NewPage/NewPage.integration.test.tsx(15,1): error TS6133: 'BrowserRouter' is declared but its value is never read.
src/pages/NewPage/NewPage.integration.test.tsx(18,1): error TS6133: 'QuickReplyButton' is declared but its value is never read.
src/pages/NewPage/NewPage.integration.test.tsx(40,3): error TS2322: Type 'null' is not assignable to type 'string | undefined'.
src/pages/NewPage/NewPage.integration.test.tsx(69,7): error TS6133: 'mockUseThreadsState' is declared but its value is never read.
src/pages/NewPage/NewPage.integration.test.tsx(80,7): error TS6133: 'mockUseReplyComposer' is declared but its value is never read.
src/pages/NewPage/NewPage.integration.test.tsx(129,7): error TS2322: Type '{ isOpen: true; thread: Thread; templates: ({ id: string; name: string; content: string; classification: ThreadClassification; category: "scheduling"; variables: never[]; usage_count: number; effectiveness_score: number; } | { ...; })[]; templatesLoading: boolean; onClose: Mock<...>; onSend: Mock<...>; onTemplateSel...' is not assignable to type 'IntrinsicAttributes & ReplyComposerProps'.
  Property 'templates' does not exist on type 'IntrinsicAttributes & ReplyComposerProps'.
src/pages/NewPage/NewPage.integration.test.tsx(274,11): error TS2322: Type '{ aiSummary: null; id: string; subject: string; participants: Participant[]; classification: ThreadClassification; riskLevel: RiskLevel; ... 15 more ...; folderId?: string; }' is not assignable to type 'Thread'.
  Types of property 'aiSummary' are incompatible.
    Type 'null' is not assignable to type 'string | undefined'.
src/pages/NewPage/NewPage.performance.test.tsx(5,29): error TS6133: 'waitFor' is declared but its value is never read.
src/pages/NewPage/NewPage.performance.test.tsx(8,1): error TS6133: 'AISummaryDropdown' is declared but its value is never read.
src/pages/NewPage/NewPage.performance.test.tsx(43,5): error TS2741: Property 'id' is missing in type '{ name: string; email: string; avatarUrl: undefined; }' but required in type 'Participant'.
src/pages/NewPage/NewPage.performance.test.tsx(131,44): error TS2345: Argument of type 'any[]' is not assignable to parameter of type '[keyframes: Keyframe[] | PropertyIndexedKeyframes | null, options?: number | KeyframeAnimationOptions | undefined]'.
  Target requires 1 element(s) but source may have fewer.
src/pages/NewPage/NewPage.performance.test.tsx(260,15): error TS6133: 'computedStyle' is declared but its value is never read.
src/pages/NewPage/NewPage.tsx(341,49): error TS2304: Cannot find name 'Thread'.
src/pages/PropertiesPage/PropertiesPage.tsx(894,31): error TS2322: Type '{ size: number; className: string; title: string; }' is not assignable to type 'IntrinsicAttributes & LucideProps'.
  Property 'title' does not exist on type 'IntrinsicAttributes & LucideProps'.
src/pages/PropertiesPage/PropertiesPage.tsx(931,25): error TS6133: 'isSelected' is declared but its value is never read.
src/pages/PropertyDetailPage/PropertyDetailPage.tsx(24,3): error TS6133: 'ArrowRight' is declared but its value is never read.
src/pages/PropertyDetailPage/PropertyDetailPage.tsx(150,10): error TS6133: 'isTranscribing' is declared but its value is never read.
src/pages/PropertyDetailPage/PropertyDetailPage.tsx(292,11): error TS6133: 'vendorCount' is declared but its value is never read.
src/pages/ZenaAskPage/ZenaAskPage.tsx(31,12): error TS6133: 'zenaResponse' is declared but its value is never read.
src/services/conflictDetectionService.property.test.ts(16,36): error TS6133: 'ThreadUpdate' is declared but its value is never read.
src/services/conflictDetectionService.property.test.ts(120,15): error TS6133: 'conflictDetected' is declared but its value is never read.
src/services/conflictDetectionService.property.test.ts(121,15): error TS6133: 'conflictDetails' is declared but its value is never read.
src/services/conflictDetectionService.property.test.ts(139,19): error TS6133: 'mockRealTimeUpdate' is declared but its value is never read.
src/services/conflictDetectionService.property.test.ts(153,23): error TS6133: 'conflictUpdate' is declared but its value is never read.
src/services/conflictDetectionService.property.test.ts(343,15): error TS6133: 'notificationReceived' is declared but its value is never read.
src/services/conflictDetectionService.property.test.ts(344,15): error TS6133: 'notificationSeverity' is declared but its value is never read.
src/services/personalizationService.ts(3,3): error TS6133: 'WidgetPriorityCalculator' is declared but its value is never read.
src/services/personalizationService.ts(4,3): error TS6133: 'WidgetPriorityContext' is declared but its value is never read.
src/services/personalizationService.ts(5,3): error TS6133: 'AgentBehaviorPattern' is declared but its value is never read.
src/services/personalizationService.ts(43,5): error TS6133: 'usagePatterns' is declared but its value is never read.
src/services/personalizationService.ts(44,5): error TS6133: 'preferences' is declared but its value is never read.
src/services/personalizationService.ts(45,5): error TS6133: 'currentContext' is declared but its value is never read.
src/services/personalizationService.ts(50,5): error TS6133: 'workloadMetrics' is declared but its value is never read.
src/services/personalizationService.ts(80,11): error TS6133: 'calculateRecentUsageScores' is declared but its value is never read.
src/services/personalizationService.ts(118,31): error TS2551: Property 'analyseTimePatterns' does not exist on type 'PersonalisationService'. Did you mean 'analyzeTimePatterns'?
src/services/personalizationService.ts(185,11): error TS6133: 'analyzeTimePatterns' is declared but its value is never read.
src/services/personalizationService.ts(185,63): error TS2552: Cannot find name 'PersonalizationInsight'. Did you mean 'PersonalisationInsight'?
src/services/personalizationService.ts(186,21): error TS2304: Cannot find name 'PersonalizationInsight'.
src/services/personalizationService.ts(244,5): error TS6133: 'preferences' is declared but its value is never read.
src/services/personalizationService.ts(245,6): error TS2552: Cannot find name 'PersonalizationInsight'. Did you mean 'PersonalisationInsight'?
src/services/personalizationService.ts(246,21): error TS2304: Cannot find name 'PersonalizationInsight'.
src/services/personalizationService.ts(291,5): error TS6133: 'preferences' is declared but its value is never read.
src/services/personalizationService.ts(292,6): error TS2552: Cannot find name 'PersonalizationInsight'. Did you mean 'PersonalisationInsight'?
src/services/personalizationService.ts(293,21): error TS2304: Cannot find name 'PersonalizationInsight'.
src/services/personalizationService.ts(338,5): error TS6133: 'preferences' is declared but its value is never read.
src/services/personalizationService.ts(409,5): error TS6133: 'context' is declared but its value is never read.
src/services/personalizationService.ts(446,39): error TS2304: Cannot find name 'PersonalizationService'.
src/services/realTimeUpdateNotification.property.test.ts(119,7): error TS6133: 'notificationTimingArbitrary' is declared but its value is never read.
src/services/realTimeUpdateNotification.property.test.ts(222,15): error TS6133: 'receivedNotification' is declared but its value is never read.
src/services/realTimeUpdateNotification.property.test.ts(435,43): error TS6133: 'index' is declared but its value is never read.
src/services/replySendingService.property.test.ts(12,1): error TS6133: 'fc' is declared but its value is never read.
src/services/replySendingService.property.test.ts(15,3): error TS6133: 'replySendingService' is declared but its value is never read.
src/services/replySendingService.property.test.ts(16,3): error TS6133: 'ReplyError' is declared but its value is never read.
src/services/replySendingService.property.test.ts(17,3): error TS6133: 'ConflictError' is declared but its value is never read.
src/services/replySendingService.property.test.ts(19,10): error TS6133: 'ReplyData' is declared but its value is never read.
src/services/replySendingService.property.test.ts(19,43): error TS6133: 'Thread' is declared but its value is never read.
src/services/replySendingService.property.test.ts(147,33): error TS2339: Property 'templateId' does not exist on type '{ threadId: string; recipients: string[]; subject: string; message: string; }'.
src/services/replySendingService.property.test.ts(305,38): error TS2339: Property 'templateId' does not exist on type '{ threadId: string; recipients: string[]; subject: string; message: string; }'.
src/services/replySendingService.ts(321,50): error TS6133: 'options' is declared but its value is never read.
src/services/replyTemplateService.ts(14,3): error TS6133: 'TemplateVariable' is declared but its value is never read.
src/styles/animation-performance.property.test.ts(121,7): error TS6133: 'parseKeyframes' is declared but its value is never read.
src/styles/animation-performance.property.test.ts(128,9): error TS6133: 'performantProperties' is declared but its value is never read.
src/styles/button-glow.property.test.ts(50,11): error TS6196: 'ButtonGlowProperties' is declared but never used.
src/styles/button-glow.property.test.ts(62,7): error TS6133: 'parseGlowIntensity' is declared but its value is never read.
src/styles/dark-theme-consistency.property.test.ts(40,7): error TS6133: 'VALID_BG_TOKEN_NAMES' is declared but its value is never read.
src/styles/glassmorphism.property.test.ts(14,32): error TS6133: 'beforeEach' is declared but its value is never read.
src/styles/glassmorphism.property.test.ts(81,7): error TS6133: 'parseGlassmorphismClasses' is declared but its value is never read.
src/styles/neon-accent.property.test.ts(67,7): error TS6133: 'interactiveStateGenerator' is declared but its value is never read.
src/styles/neon-accent.property.test.ts(206,9): error TS6133: 'themeCSS' is declared but its value is never read.
src/styles/neon-accent.property.test.ts(234,9): error TS6133: 'combinedCSS' is declared but its value is never read.
src/styles/responsive.property.test.ts(35,11): error TS6196: 'ViewportConfig' is declared but never used.
src/styles/responsive.property.test.ts(56,11): error TS6196: 'ComponentLayout' is declared but never used.
src/styles/responsive.property.test.ts(276,17): error TS6133: 'landscapeHeight' is declared but its value is never read.
src/styles/text-contrast.property.test.ts(134,7): error TS6133: 'TEXT_COLORS' is declared but its value is never read.
src/styles/tokens.property.test.ts(14,31): error TS6133: 'element' is declared but its value is never read.
src/styles/tokens.property.test.ts(15,9): error TS6133: 'styles' is declared but its value is never read.
src/styles/transition-timing.property.test.ts(89,7): error TS6133: 'extractTransitions' is declared but its value is never read.
src/styles/widget-card.property.test.ts(62,7): error TS6133: 'parseWidgetCardProperties' is declared but its value is never read.
src/test/BatchMode.properties.test.tsx(5,32): error TS6133: 'vi' is declared but its value is never read.
src/test/BatchMode.properties.test.tsx(62,27): error TS6133: 'initialMinusTarget' is declared but its value is never read.
src/test/ReplyComposer.properties.test.tsx(44,33): error TS2322: Type '{ isOpen: true; thread: Thread; templates: any; onClose: Mock<Procedure>; onSend: Mock<Procedure>; onTemplateSelect: Mock<Procedure>; }' is not assignable to type 'IntrinsicAttributes & ReplyComposerProps'.
  Property 'templates' does not exist on type 'IntrinsicAttributes & ReplyComposerProps'.
src/test/setup.ts(93,1): error TS2322: Type '{ name: string; version: number; objectStoreNames: never[]; transaction: Mock<() => { db: null; durability: string; mode: string; objectStoreNames: never[]; abort: Mock<Procedure>; commit: Mock<...>; objectStore: Mock<...>; onabort: null; oncomplete: null; onerror: null; }>; ... 6 more ...; onversionchange: null; }' is not assignable to type 'null'.
src/test/setup.ts(101,7): error TS2322: Type '{ name: string; version: number; objectStoreNames: never[]; transaction: Mock<() => { db: null; durability: string; mode: string; objectStoreNames: never[]; abort: Mock<Procedure>; commit: Mock<...>; objectStore: Mock<...>; onabort: null; oncomplete: null; onerror: null; }>; ... 6 more ...; onversionchange: null; }' is not assignable to type 'null'.
src/test/setup.ts(103,17): error TS2349: This expression is not callable.
  Type 'never' has no call signatures.
src/test/setup.ts(119,1): error TS2322: Type '{ open: Mock<() => { result: null; error: null; onsuccess: null; onerror: null; onupgradeneeded: null; readyState: string; transaction: null; source: null; }>; deleteDatabase: Mock<() => { onsuccess: null; ... 6 more ...; source: null; }>; databases: Mock<...>; cmp: Mock<...>; }' is not assignable to type 'IDBFactory'.
  The types returned by 'deleteDatabase(...)' are incompatible between these types.
    Type '{ onsuccess: null; onerror: null; result: null; error: null; onupgradeneeded: null; readyState: string; transaction: null; source: null; }' is missing the following properties from type 'IDBOpenDBRequest': onblocked, addEventListener, removeEventListener, dispatchEvent
src/test/ThreadCard.properties.test.tsx(17,28): error TS6133: 'id' is declared but its value is never read.
src/test/useReplyComposer.properties.test.tsx(15,1): error TS6133: 'aiReplyService' is declared but its value is never read.
src/utils/animationPerformance.property.test.ts(16,3): error TS6133: 'useAnimationPerformance' is declared but its value is never read.
src/utils/animationPerformance.property.test.ts(149,15): error TS6133: 'animationExecuted' is declared but its value is never read.
src/utils/animationPerformance.property.test.ts(464,13): error TS6133: 'wasStarted' is declared but its value is never read.
src/utils/animationPerformance.ts(379,10): error TS2352: Conversion of type '(...args: any[]) => boolean' to type 'T' may be a mistake because neither type sufficiently overlaps with the other. If this was intentional, convert the expression to 'unknown' first.
  '(...args: any[]) => boolean' is assignable to the constraint of type 'T', but 'T' could be instantiated with a different subtype of constraint '(...args: any[]) => void'.
src/utils/attachmentUtils.property.test.ts(2,39): error TS6133: 'getFileIcon' is declared but its value is never read.
src/utils/AudioAnalyzer.ts(123,44): error TS2345: Argument of type 'Uint8Array<ArrayBufferLike>' is not assignable to parameter of type 'Uint8Array<ArrayBuffer>'.
  Type 'ArrayBufferLike' is not assignable to type 'ArrayBuffer'.
    Type 'SharedArrayBuffer' is not assignable to type 'ArrayBuffer'.
      Types of property '[Symbol.toStringTag]' are incompatible.
        Type '"SharedArrayBuffer"' is not assignable to type '"ArrayBuffer"'.
src/utils/hapticFeedback.property.test.ts(68,9): error TS2345: Argument of type 'Arbitrary<string>' is not assignable to parameter of type 'Arbitrary<HapticPattern>'.
  Type 'string' is not assignable to type 'HapticPattern'.
src/utils/hapticFeedback.property.test.ts(100,9): error TS2345: Argument of type 'Arbitrary<string>' is not assignable to parameter of type 'Arbitrary<HapticPattern>'.
  Type 'string' is not assignable to type 'HapticPattern'.
src/utils/hapticFeedback.property.test.ts(132,9): error TS2345: Argument of type 'Arbitrary<string>' is not assignable to parameter of type 'Arbitrary<HapticPattern>'.
  Type 'string' is not assignable to type 'HapticPattern'.
src/utils/hapticFeedback.property.test.ts(232,9): error TS2345: Argument of type 'Arbitrary<string>' is not assignable to parameter of type 'Arbitrary<HapticPattern>'.
  Type 'string' is not assignable to type 'HapticPattern'.
src/utils/hapticFeedback.property.test.ts(262,9): error TS2345: Argument of type 'Arbitrary<string>' is not assignable to parameter of type 'Arbitrary<HapticPattern>'.
  Type 'string' is not assignable to type 'HapticPattern'.
src/utils/hapticFeedback.property.test.ts(400,10): error TS6133: 'action' is declared but its value is never read.
src/utils/hapticFeedback.property.test.ts(426,10): error TS6133: 'action' is declared but its value is never read.
src/utils/ImprovementActionsLibrary.ts(678,17): error TS2783: 'id' is specified more than once, so this usage will be overwritten.
src/utils/ImprovementActionsLibrary.ts(679,17): error TS2783: 'name' is specified more than once, so this usage will be overwritten.
src/utils/ImprovementActionsLibrary.ts(680,17): error TS2783: 'role' is specified more than once, so this usage will be overwritten.
src/utils/offlineStorage.property.test.ts(18,3): error TS6133: 'clearStore' is declared but its value is never read.
src/utils/offlineStorage.property.test.ts(26,3): error TS6133: 'removeQueuedAction' is declared but its value is never read.
src/utils/offlineStorage.property.test.ts(73,7): error TS6133: '_threadGenerator' is declared but its value is never read.
src/utils/offlineStorage.property.test.ts(81,7): error TS6133: '_contactGenerator' is declared but its value is never read.
src/utils/offlineStorage.property.test.ts(88,7): error TS6133: '_dealGenerator' is declared but its value is never read.
src/utils/threadPriorityCalculator.property.test.ts(16,3): error TS6133: 'PriorityConfig' is declared but its value is never read.
src/utils/transcription/transcription-merger.property.test.ts(40,29): error TS6133: 'lastContent' is declared but its value is never read.
npm error Lifecycle script `build` failed with error:
npm error code 2
npm error path /Users/hamishmcgee/Desktop/ZenaAntigravity/packages/frontend
npm error workspace @zena/frontend@1.0.0
npm error location /Users/hamishmcgee/Desktop/ZenaAntigravity/packages/frontend
npm error command failed
npm error command sh -c tsc && vite build
